TN:
SF:src/app.ts
FN:3,__name
FN:32,<static_initializer>
FN:32,tenantContext
FN:40,anonymous_3
FN:44,anonymous_4
FN:46,anonymous_5
FN:67,anonymous_6
FN:68,anonymous_7
FN:88,anonymous_8
FN:92,anonymous_9
FN:103,genReqId
FN:107,req
FN:109,res
FN:111,anonymous_13
FN:111,anonymous_14
FN:112,anonymous_15
FN:114,anonymous_16
FN:115,anonymous_17
FN:118,anonymous_18
FN:129,anonymous_19
FN:129,anonymous_20
FN:132,origin
FN:145,anonymous_22
FN:146,anonymous_23
FN:157,anonymous_24
FN:158,anonymous_25
FN:46,anonymous_26
FN:47,anonymous_27
FN:48,patched.flushHeaders
FN:49,patched.writeHead
FN:52,patched.write
FN:54,interim.writeContinue
FN:56,interim.writeEarlyHints
FN:58,patched.end
FN:58,anonymous_34
FN:61,anonymous_35
FNDA:134,__name
FNDA:4,<static_initializer>
FNDA:48,tenantContext
FNDA:42,anonymous_3
FNDA:42,anonymous_4
FNDA:42,anonymous_5
FNDA:31,anonymous_6
FNDA:11,anonymous_7
FNDA:42,anonymous_8
FNDA:53,anonymous_9
FNDA:53,genReqId
FNDA:53,req
FNDA:53,res
FNDA:53,anonymous_13
FNDA:53,anonymous_14
FNDA:53,anonymous_15
FNDA:1,anonymous_16
FNDA:53,anonymous_17
FNDA:53,anonymous_18
FNDA:8,anonymous_19
FNDA:0,anonymous_20
FNDA:53,origin
FNDA:0,anonymous_22
FNDA:0,anonymous_23
FNDA:48,anonymous_24
FNDA:48,anonymous_25
FNDA:42,anonymous_26
FNDA:40,anonymous_27
FNDA:0,patched.flushHeaders
FNDA:0,patched.writeHead
FNDA:0,patched.write
FNDA:0,interim.writeContinue
FNDA:0,interim.writeEarlyHints
FNDA:40,patched.end
FNDA:42,anonymous_34
FNDA:1,anonymous_35
FNF:36
FNH:28
BRDA:1,0,0,4
BRDA:128,1,0,0
BRDA:142,2,0,0
BRDA:3,3,0,134
BRDA:32,4,0,4
BRDA:32,5,0,48
BRDA:35,6,0,22
BRDA:35,7,0,9
BRDA:33,8,0,1
BRDA:33,9,0,4
BRDA:39,10,0,4
BRDA:40,11,0,42
BRDA:44,12,0,42
BRDA:44,13,0,0
BRDA:45,14,0,0
BRDA:46,15,0,42
BRDA:67,16,0,31
BRDA:68,17,0,11
BRDA:70,18,0,1
BRDA:70,19,0,1
BRDA:79,20,0,0
BRDA:88,21,0,42
BRDA:92,22,0,53
BRDA:103,23,0,53
BRDA:107,24,0,53
BRDA:109,25,0,53
BRDA:111,26,0,53
BRDA:111,27,0,53
BRDA:112,28,0,53
BRDA:114,29,0,1
BRDA:115,30,0,53
BRDA:116,31,0,1
BRDA:118,32,0,53
BRDA:122,33,0,0
BRDA:123,34,0,0
BRDA:129,35,0,8
BRDA:132,36,0,53
BRDA:133,37,0,0
BRDA:157,38,0,48
BRDA:158,39,0,48
BRDA:46,40,0,42
BRDA:47,41,0,40
BRDA:47,42,0,9
BRDA:48,43,0,29
BRDA:47,44,0,0
BRDA:58,45,0,40
BRDA:58,46,0,42
BRDA:59,47,0,1
BRDA:61,48,0,1
BRF:49
BRH:40
DA:1,4
DA:2,4
DA:3,4
DA:4,134
DA:5,134
DA:6,134
DA:7,4
DA:8,4
DA:9,4
DA:10,4
DA:11,4
DA:12,4
DA:13,4
DA:14,4
DA:15,4
DA:16,4
DA:17,4
DA:18,4
DA:19,4
DA:20,4
DA:21,4
DA:22,4
DA:23,4
DA:24,4
DA:25,4
DA:26,4
DA:27,4
DA:28,4
DA:29,4
DA:30,4
DA:31,4
DA:32,4
DA:33,48
DA:34,4
DA:35,48
DA:36,48
DA:37,48
DA:38,48
DA:39,48
DA:40,48
DA:41,42
DA:42,42
DA:43,48
DA:44,48
DA:45,48
DA:46,48
DA:47,42
DA:48,42
DA:49,42
DA:50,0
DA:51,0
DA:52,42
DA:53,42
DA:54,42
DA:55,42
DA:56,42
DA:57,0
DA:58,42
DA:59,42
DA:60,42
DA:61,42
DA:62,1
DA:63,1
DA:64,1
DA:65,1
DA:66,1
DA:67,48
DA:68,48
DA:69,11
DA:70,11
DA:71,1
DA:72,1
DA:73,1
DA:74,1
DA:75,1
DA:76,1
DA:77,1
DA:78,1
DA:79,11
DA:80,0
DA:81,0
DA:82,0
DA:83,0
DA:84,0
DA:85,0
DA:86,0
DA:87,0
DA:88,48
DA:89,4
DA:90,4
DA:91,4
DA:92,4
DA:93,53
DA:94,53
DA:95,53
DA:96,53
DA:97,53
DA:98,53
DA:99,53
DA:100,53
DA:101,4
DA:102,4
DA:103,4
DA:104,53
DA:105,53
DA:106,4
DA:107,4
DA:108,53
DA:109,4
DA:110,53
DA:111,4
DA:112,4
DA:113,53
DA:114,53
DA:115,53
DA:116,53
DA:117,1
DA:118,4
DA:119,53
DA:120,53
DA:121,53
DA:122,53
DA:123,53
DA:124,0
DA:125,4
DA:126,4
DA:127,4
DA:128,4
DA:129,4
DA:130,4
DA:131,4
DA:132,4
DA:133,53
DA:134,0
DA:135,0
DA:136,0
DA:137,4
DA:138,4
DA:139,4
DA:140,4
DA:141,4
DA:142,4
DA:143,0
DA:144,0
DA:145,0
DA:146,0
DA:147,0
DA:148,0
DA:149,0
DA:150,0
DA:151,0
DA:152,0
DA:153,0
DA:154,0
DA:155,0
DA:156,4
DA:157,48
DA:158,48
DA:159,48
DA:160,4
DA:161,4
DA:162,4
DA:163,4
DA:164,4
DA:165,4
DA:166,4
DA:167,4
DA:168,4
DA:169,4
DA:170,4
DA:171,4
DA:172,4
DA:173,4
DA:174,4
DA:175,4
DA:176,4
DA:177,4
DA:178,4
DA:179,4
DA:180,4
DA:181,4
DA:182,4
DA:183,4
DA:184,4
DA:185,4
DA:186,4
DA:187,4
DA:188,4
DA:189,4
DA:190,4
DA:191,4
DA:192,4
DA:193,4
DA:194,4
DA:195,4
DA:196,4
DA:197,4
DA:198,4
DA:199,4
DA:200,4
DA:201,4
DA:202,4
DA:203,4
DA:204,4
DA:205,4
DA:206,4
DA:207,4
DA:208,4
DA:209,4
DA:210,4
DA:211,4
DA:212,4
DA:213,4
DA:214,4
DA:215,4
DA:216,4
DA:217,4
DA:218,4
DA:219,4
DA:220,4
DA:221,4
DA:222,4
DA:223,4
DA:224,4
DA:225,4
DA:226,4
DA:227,4
DA:228,4
DA:229,4
DA:230,4
DA:231,4
DA:232,4
DA:233,4
DA:234,4
DA:235,4
DA:236,4
DA:237,4
DA:238,4
DA:239,4
DA:240,4
DA:241,4
DA:242,4
DA:243,4
DA:244,4
DA:245,4
DA:246,4
DA:247,4
DA:248,4
DA:249,4
DA:250,4
DA:251,4
DA:252,4
DA:253,4
DA:254,4
DA:255,4
DA:256,4
DA:257,4
DA:258,4
DA:259,4
DA:260,4
DA:261,4
DA:262,4
DA:263,4
DA:264,4
DA:265,4
DA:266,4
DA:267,4
DA:268,4
DA:269,4
DA:270,4
DA:271,4
DA:272,4
DA:273,4
DA:274,4
DA:275,4
DA:276,4
DA:277,4
DA:278,4
DA:279,4
DA:280,4
DA:281,4
DA:282,4
DA:283,4
DA:284,4
DA:285,4
DA:286,4
DA:287,4
DA:288,4
DA:289,4
DA:290,4
DA:291,4
DA:292,4
DA:293,4
DA:294,4
DA:295,4
DA:296,4
DA:297,4
DA:298,4
DA:299,4
DA:300,4
DA:301,4
DA:302,4
DA:303,4
DA:304,4
DA:305,4
DA:306,4
DA:307,4
DA:308,4
DA:309,4
DA:310,4
DA:311,4
DA:312,4
DA:313,4
DA:314,4
DA:315,4
DA:316,4
DA:317,4
DA:318,4
DA:319,4
DA:320,4
DA:321,4
DA:322,4
DA:323,4
DA:324,4
DA:325,4
DA:326,4
DA:327,4
DA:328,4
DA:329,4
DA:330,4
DA:331,4
DA:332,4
DA:333,4
DA:334,4
DA:335,4
DA:336,4
DA:337,4
DA:338,4
DA:339,4
DA:340,4
DA:341,4
DA:342,4
DA:343,4
DA:344,4
DA:345,4
DA:346,4
DA:347,4
DA:348,4
DA:349,4
DA:350,4
DA:351,4
DA:352,4
DA:353,4
DA:354,4
DA:355,4
DA:356,4
DA:357,4
DA:358,4
DA:359,4
DA:360,4
DA:361,4
DA:362,4
DA:363,4
DA:364,4
DA:365,4
DA:366,4
DA:367,4
DA:368,4
DA:369,4
DA:370,4
DA:371,4
DA:372,4
DA:373,4
DA:374,4
DA:375,4
DA:376,4
DA:377,4
DA:378,4
DA:379,4
DA:380,4
DA:381,4
DA:382,4
DA:383,4
DA:384,4
DA:385,4
DA:386,4
DA:387,4
DA:388,4
DA:389,4
LH:361
LF:389
end_of_record
SF:src/lib/client-scope.ts
FN:3,__name
FN:10,resolveClientAnalyticsScope
FN:17,resolveBoundFirm
FN:21,resolveBoundClientScope
FNDA:63,__name
FNDA:16,resolveClientAnalyticsScope
FNDA:2,resolveBoundFirm
FNDA:0,resolveBoundClientScope
FNF:4
FNH:3
BRDA:1,0,0,21
BRDA:3,1,0,63
BRDA:10,2,0,16
BRDA:13,3,0,9
BRDA:13,4,0,0
BRDA:17,5,0,2
BRDA:19,6,0,0
BRDA:19,7,0,0
BRF:8
BRH:5
DA:1,21
DA:2,21
DA:3,21
DA:4,63
DA:5,63
DA:6,63
DA:7,21
DA:8,21
DA:9,21
DA:10,21
DA:11,16
DA:12,16
DA:13,16
DA:14,16
DA:15,16
DA:16,21
DA:17,21
DA:18,2
DA:19,2
DA:20,21
DA:21,21
DA:22,0
DA:23,0
DA:24,0
DA:25,0
DA:26,21
DA:27,21
DA:28,21
DA:29,21
DA:30,21
DA:31,21
DA:32,21
DA:33,21
DA:34,21
DA:35,21
DA:36,21
DA:37,21
DA:38,21
DA:39,21
DA:40,21
DA:41,21
DA:42,21
DA:43,21
DA:44,21
DA:45,21
DA:46,21
DA:47,21
DA:48,21
DA:49,21
DA:50,21
DA:51,21
DA:52,21
DA:53,21
DA:54,21
DA:55,21
DA:56,21
DA:57,21
DA:58,21
DA:59,21
DA:60,21
DA:61,21
DA:62,21
DA:63,21
DA:64,21
DA:65,21
DA:66,21
DA:67,21
DA:68,21
DA:69,21
DA:70,21
DA:71,21
DA:72,21
DA:73,21
DA:74,21
DA:75,21
DA:76,21
DA:77,21
DA:78,21
DA:79,21
DA:80,21
DA:81,21
DA:82,21
DA:83,21
LH:79
LF:83
end_of_record
SF:src/lib/money.ts
FN:3,__name
FN:5,decimalToMinorUnits
FN:13,isPositiveMoney
FNDA:244,__name
FNDA:51,decimalToMinorUnits
FNDA:19,isPositiveMoney
FNF:3
FNH:3
BRDA:1,0,0,122
BRDA:3,1,0,244
BRDA:5,2,0,51
BRDA:7,3,0,3
BRDA:8,4,0,32
BRDA:13,5,0,19
BRDA:undefined,6,0,3
BRF:7
BRH:7
DA:1,122
DA:2,122
DA:3,122
DA:4,122
DA:5,122
DA:6,51
DA:7,51
DA:8,51
DA:9,32
DA:10,32
DA:11,122
DA:12,122
DA:13,122
DA:14,19
DA:15,19
DA:16,19
DA:17,19
LH:17
LF:17
end_of_record
SF:src/lib/op-token.ts
FN:1,__name
FN:11,keyRingEnvName
FN:13,parseKeyRing
FN:14,anonymous_3
FN:19,anonymous_4
FN:22,railKeyRing
FN:26,describeKeyRing
FN:28,legacyTokenPathEnabled
FN:35,signatureWindowSeconds
FN:40,safeEqual
FN:49,opSigningString
FN:54,signOpRequest
FN:66,presentedOpToken
FN:71,opTokenAllows
FN:76,authenticateOpRequest
FN:120,requireOpToken
FN:121,anonymous_16
FN:88,anonymous_17
FN:27,anonymous_18
FNDA:195,__name
FNDA:90,keyRingEnvName
FNDA:96,parseKeyRing
FNDA:29,anonymous_3
FNDA:26,anonymous_4
FNDA:89,railKeyRing
FNDA:14,describeKeyRing
FNDA:62,legacyTokenPathEnabled
FNDA:9,signatureWindowSeconds
FNDA:57,safeEqual
FNDA:18,opSigningString
FNDA:10,signOpRequest
FNDA:55,presentedOpToken
FNDA:8,opTokenAllows
FNDA:67,authenticateOpRequest
FNDA:18,requireOpToken
FNDA:39,anonymous_16
FNDA:13,anonymous_17
FNDA:1,anonymous_18
FNF:19
FNH:19
BRDA:1,0,0,15
BRDA:1,1,0,195
BRDA:11,2,0,90
BRDA:12,3,0,0
BRDA:13,4,0,96
BRDA:13,5,0,20
BRDA:14,6,0,15
BRDA:14,7,0,19
BRDA:19,8,0,1
BRDA:20,9,0,15
BRDA:14,10,0,29
BRDA:16,11,0,28
BRDA:17,12,0,27
BRDA:17,13,0,3
BRDA:18,14,0,26
BRDA:19,15,0,26
BRDA:22,16,0,89
BRDA:24,17,0,45
BRDA:26,18,0,14
BRDA:27,19,0,0
BRDA:28,20,0,62
BRDA:30,21,0,1
BRDA:30,22,0,8
BRDA:31,23,0,8
BRDA:35,24,0,9
BRDA:37,25,0,0
BRDA:40,26,0,57
BRDA:45,27,0,36
BRDA:49,28,0,18
BRDA:54,29,0,10
BRDA:56,30,0,9
BRDA:63,31,0,4
BRDA:66,32,0,55
BRDA:69,33,0,10
BRDA:71,34,0,8
BRDA:73,35,0,3
BRDA:73,36,0,5
BRDA:73,37,0,2
BRDA:73,38,0,3
BRDA:76,39,0,67
BRDA:114,40,0,26
BRDA:115,41,0,26
BRDA:119,42,0,5
BRDA:111,43,0,10
BRDA:111,44,0,22
BRDA:112,45,0,7
BRDA:114,46,0,13
BRDA:112,47,0,8
BRDA:78,48,0,1
BRDA:79,49,0,23
BRDA:86,50,0,12
BRDA:86,51,0,11
BRDA:87,52,0,1
BRDA:87,53,0,10
BRDA:88,54,0,1
BRDA:90,55,0,9
BRDA:92,56,0,9
BRDA:94,57,0,1
BRDA:94,58,0,8
BRDA:98,59,0,8
BRDA:105,60,0,5
BRDA:105,61,0,3
BRDA:107,62,0,12
BRDA:112,63,0,1
BRDA:112,64,0,6
BRDA:114,65,0,8
BRDA:120,66,0,18
BRDA:121,67,0,39
BRDA:129,68,0,16
BRDA:129,69,0,14
BRDA:123,70,0,3
BRDA:126,71,0,1
BRDA:127,72,0,2
BRDA:127,73,0,21
BRDA:88,74,0,13
BRDA:27,75,0,1
BRF:76
BRH:73
DA:1,15
DA:2,15
DA:3,15
DA:4,15
DA:5,15
DA:6,15
DA:7,15
DA:8,15
DA:9,15
DA:10,15
DA:11,15
DA:12,90
DA:13,15
DA:14,96
DA:15,29
DA:16,29
DA:17,29
DA:18,29
DA:19,96
DA:20,15
DA:21,15
DA:22,15
DA:23,89
DA:24,89
DA:25,15
DA:26,15
DA:27,14
DA:28,15
DA:29,62
DA:30,62
DA:31,62
DA:32,8
DA:33,15
DA:34,15
DA:35,15
DA:36,9
DA:37,9
DA:38,9
DA:39,15
DA:40,15
DA:41,57
DA:42,57
DA:43,57
DA:44,57
DA:45,57
DA:46,15
DA:47,15
DA:48,15
DA:49,15
DA:50,18
DA:51,18
DA:52,15
DA:53,15
DA:54,15
DA:55,10
DA:56,10
DA:57,10
DA:58,10
DA:59,10
DA:60,10
DA:61,10
DA:62,10
DA:63,10
DA:64,10
DA:65,10
DA:66,15
DA:67,55
DA:68,55
DA:69,55
DA:70,15
DA:71,15
DA:72,8
DA:73,8
DA:74,15
DA:75,15
DA:76,15
DA:77,67
DA:78,67
DA:79,67
DA:80,23
DA:81,23
DA:82,23
DA:83,23
DA:84,23
DA:85,23
DA:86,67
DA:87,11
DA:88,11
DA:89,1
DA:90,11
DA:91,11
DA:92,11
DA:93,11
DA:94,11
DA:95,11
DA:96,11
DA:97,11
DA:98,11
DA:99,8
DA:100,8
DA:101,8
DA:102,8
DA:103,8
DA:104,8
DA:105,11
DA:106,3
DA:107,67
DA:108,12
DA:109,12
DA:110,12
DA:111,67
DA:112,67
DA:113,6
DA:114,8
DA:115,8
DA:116,8
DA:117,8
DA:118,8
DA:119,67
DA:120,15
DA:121,18
DA:122,39
DA:123,39
DA:124,3
DA:125,3
DA:126,3
DA:127,39
DA:128,21
DA:129,39
DA:130,15
DA:131,15
DA:132,15
DA:133,15
DA:134,15
DA:135,15
DA:136,15
DA:137,15
DA:138,15
DA:139,15
DA:140,15
DA:141,15
DA:142,15
DA:143,15
DA:144,15
DA:145,15
DA:146,15
DA:147,15
DA:148,15
DA:149,15
DA:150,15
DA:151,15
DA:152,15
DA:153,15
DA:154,15
DA:155,15
DA:156,15
DA:157,15
DA:158,15
DA:159,15
DA:160,15
DA:161,15
DA:162,15
DA:163,15
DA:164,15
DA:165,15
DA:166,15
DA:167,15
DA:168,15
DA:169,15
DA:170,15
DA:171,15
DA:172,15
DA:173,15
DA:174,15
DA:175,15
DA:176,15
DA:177,15
DA:178,15
DA:179,15
DA:180,15
DA:181,15
DA:182,15
DA:183,15
DA:184,15
DA:185,15
DA:186,15
DA:187,15
DA:188,15
DA:189,15
DA:190,15
DA:191,15
DA:192,15
DA:193,15
DA:194,15
DA:195,15
DA:196,15
DA:197,15
DA:198,15
DA:199,15
DA:200,15
DA:201,15
DA:202,15
DA:203,15
DA:204,15
DA:205,15
DA:206,15
DA:207,15
DA:208,15
DA:209,15
DA:210,15
DA:211,15
DA:212,15
DA:213,15
DA:214,15
DA:215,15
DA:216,15
DA:217,15
DA:218,15
DA:219,15
DA:220,15
DA:221,15
DA:222,15
DA:223,15
DA:224,15
DA:225,15
DA:226,15
DA:227,15
DA:228,15
DA:229,15
DA:230,15
DA:231,15
DA:232,15
DA:233,15
DA:234,15
DA:235,15
DA:236,15
DA:237,15
DA:238,15
DA:239,15
DA:240,15
DA:241,15
DA:242,15
DA:243,15
DA:244,15
DA:245,15
DA:246,15
DA:247,15
DA:248,15
DA:249,15
DA:250,15
DA:251,15
DA:252,15
DA:253,15
DA:254,15
DA:255,15
DA:256,15
DA:257,15
DA:258,15
DA:259,15
DA:260,15
DA:261,15
DA:262,15
DA:263,15
DA:264,15
DA:265,15
DA:266,15
DA:267,15
DA:268,15
DA:269,15
DA:270,15
DA:271,15
DA:272,15
DA:273,15
DA:274,15
DA:275,15
DA:276,15
DA:277,15
DA:278,15
DA:279,15
DA:280,15
DA:281,15
DA:282,15
LH:282
LF:282
end_of_record
SF:src/lib/page.ts
FN:1,__name
FN:3,pageBounds
FNDA:95,__name
FNDA:71,pageBounds
FNF:2
FNH:2
BRDA:1,0,0,95
BRDA:1,1,0,95
BRDA:3,2,0,71
BRDA:6,3,0,28
BRDA:7,4,0,40
BRDA:4,5,0,12
BRF:6
BRH:6
DA:1,95
DA:2,95
DA:3,95
DA:4,71
DA:5,71
DA:6,71
DA:7,95
DA:8,95
DA:9,95
DA:10,95
DA:11,95
DA:12,95
DA:13,95
DA:14,95
DA:15,95
DA:16,95
DA:17,95
DA:18,95
DA:19,95
DA:20,95
DA:21,95
DA:22,95
DA:23,95
DA:24,95
DA:25,95
DA:26,95
DA:27,95
DA:28,95
DA:29,95
DA:30,95
DA:31,95
DA:32,95
DA:33,95
DA:34,95
DA:35,95
DA:36,95
DA:37,95
DA:38,95
DA:39,95
DA:40,95
DA:41,95
DA:42,95
LH:42
LF:42
end_of_record
SF:src/middleware/principal.ts
FN:1,__name
FN:37,devAuthEnabled
FN:54,requireCsrfHeader
FN:64,header
FN:66,principalFromMembership
FN:82,resolveClerkPrincipal
FN:89,resolveDevPrincipal
FN:96,resolveSessionPrincipal
FN:99,resolveBearerPrincipal
FN:107,principalFromSessionToken
FN:116,resolvePrincipal
FN:117,anonymous_11
FN:134,anonymous_12
FN:76,anonymous_13
FN:78,anonymous_14
FNDA:60,__name
FNDA:54,devAuthEnabled
FNDA:72,requireCsrfHeader
FNDA:101,header
FNDA:7,principalFromMembership
FNDA:0,resolveClerkPrincipal
FNDA:16,resolveDevPrincipal
FNDA:4,resolveSessionPrincipal
FNDA:7,resolveBearerPrincipal
FNDA:7,principalFromSessionToken
FNDA:48,resolvePrincipal
FNDA:23,anonymous_11
FNDA:23,anonymous_12
FNDA:0,anonymous_13
FNDA:4,anonymous_14
FNF:15
FNH:13
BRDA:1,0,0,6
BRDA:1,1,0,60
BRDA:37,2,0,54
BRDA:39,3,0,43
BRDA:41,4,0,12
BRDA:54,5,0,72
BRDA:60,6,0,37
BRDA:61,7,0,9
BRDA:56,8,0,40
BRDA:58,9,0,15
BRDA:59,10,0,35
BRDA:64,11,0,101
BRDA:65,12,0,36
BRDA:65,13,0,0
BRDA:66,14,0,7
BRDA:73,15,0,0
BRDA:75,16,0,0
BRDA:77,17,0,2
BRDA:78,18,0,5
BRDA:79,19,0,0
BRDA:89,20,0,16
BRDA:92,21,0,0
BRDA:92,22,0,0
BRDA:96,23,0,4
BRDA:97,24,0,0
BRDA:99,25,0,7
BRDA:102,26,0,3
BRDA:103,27,0,4
BRDA:103,28,0,3
BRDA:105,29,0,0
BRDA:105,30,0,3
BRDA:107,31,0,7
BRDA:112,32,0,0
BRDA:115,33,0,0
BRDA:116,34,0,48
BRDA:117,35,0,20
BRDA:117,36,0,7
BRDA:117,37,0,23
BRDA:123,38,0,3
BRDA:123,39,0,3
BRDA:128,40,0,3
BRDA:128,41,0,4
BRDA:134,42,0,23
BRDA:135,43,0,0
BRDA:78,44,0,4
BRF:45
BRH:34
DA:1,6
DA:2,60
DA:3,6
DA:4,6
DA:5,6
DA:6,6
DA:7,6
DA:8,6
DA:9,6
DA:10,6
DA:11,6
DA:12,6
DA:13,6
DA:14,6
DA:15,6
DA:16,6
DA:17,6
DA:18,6
DA:19,6
DA:20,6
DA:21,6
DA:22,6
DA:23,6
DA:24,6
DA:25,6
DA:26,6
DA:27,6
DA:28,6
DA:29,6
DA:30,6
DA:31,6
DA:32,6
DA:33,6
DA:34,6
DA:35,6
DA:36,6
DA:37,6
DA:38,54
DA:39,54
DA:40,43
DA:41,54
DA:42,12
DA:43,6
DA:44,6
DA:45,6
DA:46,6
DA:47,6
DA:48,6
DA:49,6
DA:50,6
DA:51,6
DA:52,6
DA:53,6
DA:54,6
DA:55,72
DA:56,72
DA:57,40
DA:58,72
DA:59,72
DA:60,72
DA:61,72
DA:62,9
DA:63,6
DA:64,6
DA:65,6
DA:66,6
DA:67,7
DA:68,7
DA:69,7
DA:70,7
DA:71,7
DA:72,7
DA:73,7
DA:74,7
DA:75,7
DA:76,7
DA:77,7
DA:78,7
DA:79,7
DA:80,7
DA:81,6
DA:82,6
DA:83,0
DA:84,0
DA:85,0
DA:86,0
DA:87,0
DA:88,0
DA:89,6
DA:90,16
DA:91,16
DA:92,16
DA:93,16
DA:94,16
DA:95,6
DA:96,6
DA:97,4
DA:98,6
DA:99,6
DA:100,7
DA:101,7
DA:102,7
DA:103,7
DA:104,3
DA:105,7
DA:106,6
DA:107,6
DA:108,7
DA:109,7
DA:110,7
DA:111,7
DA:112,7
DA:113,7
DA:114,7
DA:115,6
DA:116,6
DA:117,48
DA:118,23
DA:119,23
DA:120,23
DA:121,23
DA:122,23
DA:123,23
DA:124,3
DA:125,3
DA:126,3
DA:127,23
DA:128,23
DA:129,4
DA:130,4
DA:131,4
DA:132,23
DA:133,23
DA:134,7
DA:135,23
DA:136,0
DA:137,23
DA:138,48
DA:139,6
DA:140,6
DA:141,6
DA:142,6
DA:143,6
DA:144,6
DA:145,6
DA:146,6
DA:147,6
DA:148,6
DA:149,6
DA:150,6
DA:151,6
DA:152,6
DA:153,6
DA:154,6
DA:155,6
DA:156,6
DA:157,6
DA:158,6
DA:159,6
DA:160,6
DA:161,6
DA:162,6
DA:163,6
DA:164,6
DA:165,6
DA:166,6
DA:167,6
DA:168,6
DA:169,6
DA:170,6
DA:171,6
DA:172,6
DA:173,6
DA:174,6
DA:175,6
DA:176,6
DA:177,6
DA:178,6
DA:179,6
DA:180,6
DA:181,6
DA:182,6
DA:183,6
DA:184,6
DA:185,6
DA:186,6
DA:187,6
DA:188,6
DA:189,6
DA:190,6
DA:191,6
DA:192,6
DA:193,6
DA:194,6
DA:195,6
DA:196,6
DA:197,6
DA:198,6
DA:199,6
DA:200,6
DA:201,6
DA:202,6
DA:203,6
DA:204,6
DA:205,6
DA:206,6
DA:207,6
DA:208,6
DA:209,6
DA:210,6
DA:211,6
DA:212,6
DA:213,6
DA:214,6
DA:215,6
DA:216,6
DA:217,6
DA:218,6
DA:219,6
DA:220,6
DA:221,6
DA:222,6
DA:223,6
DA:224,6
DA:225,6
DA:226,6
DA:227,6
DA:228,6
DA:229,6
DA:230,6
DA:231,6
DA:232,6
DA:233,6
DA:234,6
DA:235,6
DA:236,6
DA:237,6
DA:238,6
DA:239,6
DA:240,6
DA:241,6
DA:242,6
DA:243,6
DA:244,6
DA:245,6
DA:246,6
DA:247,6
DA:248,6
DA:249,6
DA:250,6
DA:251,6
DA:252,6
DA:253,6
DA:254,6
DA:255,6
DA:256,6
DA:257,6
DA:258,6
DA:259,6
DA:260,6
DA:261,6
DA:262,6
DA:263,6
DA:264,6
DA:265,6
DA:266,6
DA:267,6
DA:268,6
DA:269,6
DA:270,6
DA:271,6
DA:272,6
DA:273,6
DA:274,6
DA:275,6
DA:276,6
DA:277,6
DA:278,6
DA:279,6
DA:280,6
DA:281,6
DA:282,6
DA:283,6
DA:284,6
DA:285,6
DA:286,6
DA:287,6
DA:288,6
DA:289,6
DA:290,6
DA:291,6
DA:292,6
DA:293,6
DA:294,6
DA:295,6
DA:296,6
DA:297,6
DA:298,6
DA:299,6
DA:300,6
DA:301,6
DA:302,6
DA:303,6
DA:304,6
DA:305,6
DA:306,6
DA:307,6
DA:308,6
DA:309,6
DA:310,6
DA:311,6
DA:312,6
DA:313,6
DA:314,6
DA:315,6
DA:316,6
DA:317,6
DA:318,6
DA:319,6
DA:320,6
DA:321,6
DA:322,6
DA:323,6
DA:324,6
DA:325,6
DA:326,6
DA:327,6
DA:328,6
DA:329,6
DA:330,6
DA:331,6
DA:332,6
DA:333,6
DA:334,6
DA:335,6
DA:336,6
DA:337,6
LH:330
LF:337
end_of_record
SF:src/middleware/rate-limit.ts
FN:1,__name
FN:7,limitFor
FN:11,bumpWindow
FN:13,rateLimit
FN:13,anonymous_4
FN:23,anonymous_5
FNDA:15,__name
FNDA:88,limitFor
FNDA:71,bumpWindow
FNDA:107,rateLimit
FNDA:107,anonymous_4
FNDA:107,anonymous_5
FNF:6
FNH:6
BRDA:1,0,0,5
BRDA:1,1,0,15
BRDA:7,2,0,88
BRDA:8,3,0,35
BRDA:9,4,0,30
BRDA:9,5,0,35
BRDA:10,6,0,35
BRDA:10,7,0,0
BRDA:11,8,0,71
BRDA:13,9,0,107
BRDA:13,10,0,107
BRDA:15,11,0,26
BRDA:16,12,0,60
BRDA:19,13,0,54
BRDA:20,14,0,2
BRDA:20,15,0,58
BRDA:20,16,0,12
BRDA:21,17,0,6
BRDA:22,18,0,1
BRDA:23,19,0,57
BRDA:16,20,0,0
BRDA:23,21,0,107
BRDA:25,22,0,56
BRDA:25,23,0,3
BRF:24
BRH:22
DA:1,5
DA:2,5
DA:3,5
DA:4,5
DA:5,5
DA:6,5
DA:7,5
DA:8,88
DA:9,88
DA:10,5
DA:11,5
DA:12,71
DA:13,5
DA:14,107
DA:15,107
DA:16,107
DA:17,107
DA:18,107
DA:19,107
DA:20,107
DA:21,12
DA:22,6
DA:23,107
DA:24,107
DA:25,107
DA:26,3
DA:27,3
DA:28,107
DA:29,107
DA:30,5
DA:31,5
DA:32,5
DA:33,5
DA:34,5
DA:35,5
DA:36,5
DA:37,5
DA:38,5
DA:39,5
DA:40,5
DA:41,5
DA:42,5
DA:43,5
DA:44,5
DA:45,5
DA:46,5
DA:47,5
DA:48,5
DA:49,5
DA:50,5
DA:51,5
DA:52,5
DA:53,5
DA:54,5
DA:55,5
DA:56,5
DA:57,5
DA:58,5
DA:59,5
DA:60,5
DA:61,5
DA:62,5
DA:63,5
DA:64,5
DA:65,5
DA:66,5
DA:67,5
DA:68,5
DA:69,5
DA:70,5
DA:71,5
DA:72,5
DA:73,5
DA:74,5
DA:75,5
DA:76,5
DA:77,5
DA:78,5
DA:79,5
DA:80,5
DA:81,5
DA:82,5
DA:83,5
DA:84,5
DA:85,5
DA:86,5
DA:87,5
DA:88,5
DA:89,5
DA:90,5
DA:91,5
DA:92,5
DA:93,5
DA:94,5
DA:95,5
DA:96,5
DA:97,5
DA:98,5
DA:99,5
DA:100,5
DA:101,5
DA:102,5
DA:103,5
DA:104,5
DA:105,5
DA:106,5
DA:107,5
DA:108,5
DA:109,5
DA:110,5
DA:111,5
LH:111
LF:111
end_of_record
SF:src/middleware/request-policy.ts
FN:1,__name
FN:92,matches
FN:97,requestSkipsTenantContext
FN:102,principalBypassesTenantContext
FN:109,isModelRateLimitedRoute
FN:94,anonymous_5
FNDA:24,__name
FNDA:123,matches
FNDA:52,requestSkipsTenantContext
FNDA:45,principalBypassesTenantContext
FNDA:77,isModelRateLimitedRoute
FNDA:393,anonymous_5
FNF:6
FNH:6
BRDA:1,0,0,6
BRDA:1,1,0,24
BRDA:92,2,0,123
BRDA:94,3,0,47
BRDA:97,4,0,52
BRDA:99,5,0,4
BRDA:102,6,0,45
BRDA:104,7,0,9
BRDA:107,8,0,6
BRDA:109,9,0,77
BRDA:94,10,0,393
BRDA:95,11,0,135
BRF:12
BRH:12
DA:1,6
DA:2,24
DA:3,24
DA:4,24
DA:5,6
DA:6,6
DA:7,6
DA:8,6
DA:9,6
DA:10,6
DA:11,6
DA:12,6
DA:13,6
DA:14,6
DA:15,6
DA:16,6
DA:17,6
DA:18,6
DA:19,6
DA:20,6
DA:21,6
DA:22,6
DA:23,6
DA:24,6
DA:25,6
DA:26,6
DA:27,6
DA:28,6
DA:29,6
DA:30,6
DA:31,6
DA:32,6
DA:33,6
DA:34,6
DA:35,6
DA:36,6
DA:37,6
DA:38,6
DA:39,6
DA:40,6
DA:41,6
DA:42,6
DA:43,6
DA:44,6
DA:45,6
DA:46,6
DA:47,6
DA:48,6
DA:49,6
DA:50,6
DA:51,6
DA:52,6
DA:53,6
DA:54,6
DA:55,6
DA:56,6
DA:57,6
DA:58,6
DA:59,6
DA:60,6
DA:61,6
DA:62,6
DA:63,6
DA:64,6
DA:65,6
DA:66,6
DA:67,6
DA:68,6
DA:69,6
DA:70,6
DA:71,6
DA:72,6
DA:73,6
DA:74,6
DA:75,6
DA:76,6
DA:77,6
DA:78,6
DA:79,6
DA:80,6
DA:81,6
DA:82,6
DA:83,6
DA:84,6
DA:85,6
DA:86,6
DA:87,6
DA:88,6
DA:89,6
DA:90,6
DA:91,6
DA:92,6
DA:93,123
DA:94,123
DA:95,393
DA:96,6
DA:97,6
DA:98,52
DA:99,52
DA:100,4
DA:101,6
DA:102,6
DA:103,45
DA:104,45
DA:105,9
DA:106,9
DA:107,6
DA:108,6
DA:109,6
DA:110,77
DA:111,6
DA:112,6
DA:113,6
DA:114,6
DA:115,6
DA:116,6
DA:117,6
DA:118,6
DA:119,6
DA:120,6
DA:121,6
DA:122,6
DA:123,6
DA:124,6
DA:125,6
DA:126,6
DA:127,6
DA:128,6
DA:129,6
DA:130,6
DA:131,6
DA:132,6
DA:133,6
DA:134,6
DA:135,6
DA:136,6
DA:137,6
DA:138,6
DA:139,6
DA:140,6
DA:141,6
DA:142,6
DA:143,6
DA:144,6
DA:145,6
DA:146,6
DA:147,6
DA:148,6
DA:149,6
DA:150,6
DA:151,6
DA:152,6
DA:153,6
DA:154,6
DA:155,6
LH:155
LF:155
end_of_record
SF:src/modules/auth/invitations.ts
FN:1,__name
FN:20,hashInviteToken
FN:22,invitationView
FN:25,previewInvitation
FN:59,resolveTargetFirm
FN:77,createInvitation
FN:116,listInvitations
FN:125,revokeInvitation
FN:144,acceptInvitation
FN:39,anonymous_9
FN:154,anonymous_10
FNDA:73,__name
FNDA:27,hashInviteToken
FNDA:12,invitationView
FNDA:3,previewInvitation
FNDA:15,resolveTargetFirm
FNDA:15,createInvitation
FNDA:1,listInvitations
FNDA:2,revokeInvitation
FNDA:6,acceptInvitation
FNDA:2,anonymous_9
FNDA:2,anonymous_10
FNF:11
FNH:11
BRDA:1,0,0,8
BRDA:1,1,0,73
BRDA:20,2,0,27
BRDA:22,3,0,12
BRDA:25,4,0,3
BRDA:43,5,0,2
BRDA:44,6,0,2
BRDA:45,7,0,1
BRDA:48,8,0,0
BRDA:48,9,0,1
BRDA:50,10,0,0
BRDA:51,11,0,1
BRDA:59,12,0,15
BRDA:62,13,0,12
BRDA:62,14,0,2
BRDA:63,15,0,1
BRDA:64,16,0,11
BRDA:65,17,0,3
BRDA:65,18,0,1
BRDA:68,19,0,2
BRDA:71,20,0,1
BRDA:77,21,0,15
BRDA:80,22,0,12
BRDA:84,23,0,0
BRDA:86,24,0,12
BRDA:88,25,0,4
BRDA:88,26,0,1
BRDA:89,27,0,3
BRDA:91,28,0,1
BRDA:95,29,0,2
BRDA:96,30,0,8
BRDA:97,31,0,1
BRDA:100,32,0,9
BRDA:104,33,0,1
BRDA:105,34,0,8
BRDA:116,35,0,1
BRDA:123,36,0,0
BRDA:124,37,0,0
BRDA:125,38,0,2
BRDA:129,39,0,0
BRDA:134,40,0,1
BRDA:144,41,0,6
BRDA:159,42,0,5
BRDA:159,43,0,2
BRDA:160,44,0,4
BRDA:161,45,0,0
BRDA:162,46,0,4
BRDA:165,47,0,0
BRDA:168,48,0,4
BRDA:175,49,0,0
BRDA:176,50,0,4
BRDA:178,51,0,1
BRDA:178,52,0,3
BRDA:181,53,0,4
BRDA:181,54,0,1
BRDA:184,55,0,3
BRDA:39,56,0,2
BRDA:154,57,0,2
BRF:58
BRH:49
DA:1,8
DA:2,73
DA:3,73
DA:4,8
DA:5,8
DA:6,8
DA:7,8
DA:8,8
DA:9,8
DA:10,8
DA:11,8
DA:12,8
DA:13,8
DA:14,8
DA:15,8
DA:16,8
DA:17,8
DA:18,8
DA:19,8
DA:20,8
DA:21,27
DA:22,8
DA:23,12
DA:24,12
DA:25,8
DA:26,3
DA:27,3
DA:28,3
DA:29,3
DA:30,3
DA:31,3
DA:32,3
DA:33,3
DA:34,3
DA:35,3
DA:36,3
DA:37,3
DA:38,3
DA:39,3
DA:40,2
DA:41,3
DA:42,3
DA:43,3
DA:44,3
DA:45,3
DA:46,1
DA:47,1
DA:48,3
DA:49,1
DA:50,3
DA:51,3
DA:52,1
DA:53,1
DA:54,1
DA:55,1
DA:56,1
DA:57,8
DA:58,8
DA:59,8
DA:60,15
DA:61,15
DA:62,15
DA:63,12
DA:64,12
DA:65,15
DA:66,1
DA:67,1
DA:68,15
DA:69,2
DA:70,2
DA:71,15
DA:72,1
DA:73,1
DA:74,1
DA:75,8
DA:76,8
DA:77,8
DA:78,15
DA:79,15
DA:80,15
DA:81,12
DA:82,12
DA:83,12
DA:84,15
DA:85,0
DA:86,15
DA:87,12
DA:88,4
DA:89,4
DA:90,3
DA:91,4
DA:92,1
DA:93,1
DA:94,1
DA:95,4
DA:96,15
DA:97,8
DA:98,1
DA:99,1
DA:100,15
DA:101,9
DA:102,9
DA:103,9
DA:104,15
DA:105,15
DA:106,8
DA:107,8
DA:108,8
DA:109,8
DA:110,8
DA:111,8
DA:112,8
DA:113,8
DA:114,8
DA:115,8
DA:116,8
DA:117,1
DA:118,1
DA:119,1
DA:120,1
DA:121,1
DA:122,1
DA:123,1
DA:124,8
DA:125,8
DA:126,2
DA:127,2
DA:128,2
DA:129,2
DA:130,0
DA:131,2
DA:132,2
DA:133,2
DA:134,2
DA:135,1
DA:136,1
DA:137,1
DA:138,1
DA:139,1
DA:140,1
DA:141,1
DA:142,1
DA:143,8
DA:144,8
DA:145,6
DA:146,6
DA:147,6
DA:148,6
DA:149,6
DA:150,6
DA:151,6
DA:152,6
DA:153,6
DA:154,6
DA:155,2
DA:156,6
DA:157,6
DA:158,6
DA:159,6
DA:160,6
DA:161,6
DA:162,6
DA:163,4
DA:164,4
DA:165,6
DA:166,0
DA:167,0
DA:168,6
DA:169,4
DA:170,4
DA:171,4
DA:172,4
DA:173,4
DA:174,4
DA:175,4
DA:176,6
DA:177,4
DA:178,6
DA:179,6
DA:180,6
DA:181,6
DA:182,1
DA:183,1
DA:184,6
DA:185,3
DA:186,3
DA:187,3
DA:188,3
DA:189,3
DA:190,3
DA:191,3
DA:192,3
DA:193,8
DA:194,8
DA:195,8
DA:196,8
DA:197,8
DA:198,8
DA:199,8
DA:200,8
DA:201,8
DA:202,8
DA:203,8
DA:204,8
DA:205,8
DA:206,8
DA:207,8
DA:208,8
DA:209,8
DA:210,8
DA:211,8
DA:212,8
DA:213,8
DA:214,8
DA:215,8
DA:216,8
DA:217,8
DA:218,8
DA:219,8
DA:220,8
DA:221,8
DA:222,8
DA:223,8
DA:224,8
DA:225,8
DA:226,8
DA:227,8
DA:228,8
DA:229,8
DA:230,8
DA:231,8
DA:232,8
DA:233,8
DA:234,8
DA:235,8
DA:236,8
DA:237,8
DA:238,8
DA:239,8
DA:240,8
DA:241,8
DA:242,8
DA:243,8
DA:244,8
DA:245,8
DA:246,8
DA:247,8
DA:248,8
DA:249,8
DA:250,8
DA:251,8
DA:252,8
DA:253,8
DA:254,8
DA:255,8
DA:256,8
DA:257,8
DA:258,8
DA:259,8
DA:260,8
DA:261,8
DA:262,8
DA:263,8
DA:264,8
DA:265,8
DA:266,8
DA:267,8
DA:268,8
DA:269,8
DA:270,8
DA:271,8
DA:272,8
DA:273,8
DA:274,8
DA:275,8
DA:276,8
DA:277,8
DA:278,8
DA:279,8
DA:280,8
DA:281,8
DA:282,8
DA:283,8
DA:284,8
DA:285,8
DA:286,8
DA:287,8
DA:288,8
DA:289,8
DA:290,8
DA:291,8
DA:292,8
DA:293,8
DA:294,8
DA:295,8
DA:296,8
DA:297,8
DA:298,8
DA:299,8
DA:300,8
DA:301,8
DA:302,8
DA:303,8
DA:304,8
DA:305,8
DA:306,8
DA:307,8
DA:308,8
DA:309,8
DA:310,8
DA:311,8
DA:312,8
DA:313,8
DA:314,8
DA:315,8
DA:316,8
DA:317,8
DA:318,8
DA:319,8
DA:320,8
DA:321,8
DA:322,8
DA:323,8
DA:324,8
DA:325,8
DA:326,8
DA:327,8
DA:328,8
DA:329,8
DA:330,8
DA:331,8
DA:332,8
DA:333,8
DA:334,8
DA:335,8
DA:336,8
DA:337,8
DA:338,8
DA:339,8
DA:340,8
DA:341,8
DA:342,8
DA:343,8
DA:344,8
DA:345,8
DA:346,8
DA:347,8
DA:348,8
DA:349,8
DA:350,8
DA:351,8
DA:352,8
DA:353,8
DA:354,8
DA:355,8
DA:356,8
DA:357,8
DA:358,8
DA:359,8
DA:360,8
DA:361,8
DA:362,8
DA:363,8
DA:364,8
DA:365,8
DA:366,8
DA:367,8
DA:368,8
DA:369,8
DA:370,8
DA:371,8
DA:372,8
DA:373,8
LH:369
LF:373
end_of_record
SF:src/modules/auth/password-reset.ts
FN:2,__name
FN:16,resetView
FN:19,issuePasswordReset
FN:56,createPasswordReset
FN:71,requestPasswordReset
FN:72,anonymous_5
FN:86,resetPassword
FN:96,anonymous_7
FN:122,sweepExpiredPasswordResets
FN:123,anonymous_9
FNDA:52,__name
FNDA:6,resetView
FNDA:13,issuePasswordReset
FNDA:6,createPasswordReset
FNDA:2,requestPasswordReset
FNDA:2,anonymous_5
FNDA:4,resetPassword
FNDA:3,anonymous_7
FNDA:8,sweepExpiredPasswordResets
FNDA:8,anonymous_9
FNF:10
FNH:10
BRDA:1,0,0,8
BRDA:2,1,0,52
BRDA:16,2,0,6
BRDA:19,3,0,6
BRDA:24,4,0,13
BRDA:24,5,0,7
BRDA:36,6,0,0
BRDA:56,7,0,6
BRDA:64,8,0,1
BRDA:66,9,0,5
BRDA:71,10,0,2
BRDA:72,11,0,2
BRDA:77,12,0,1
BRDA:86,13,0,4
BRDA:100,14,0,3
BRDA:101,15,0,2
BRDA:103,16,0,1
BRDA:110,17,0,0
BRDA:110,18,0,1
BRDA:117,19,0,0
BRDA:117,20,0,1
BRDA:96,21,0,3
BRDA:122,22,0,8
BRDA:123,23,0,8
BRF:24
BRH:21
DA:1,8
DA:2,8
DA:3,52
DA:4,8
DA:5,8
DA:6,8
DA:7,8
DA:8,8
DA:9,8
DA:10,8
DA:11,8
DA:12,8
DA:13,8
DA:14,8
DA:15,8
DA:16,8
DA:17,6
DA:18,6
DA:19,8
DA:20,6
DA:21,6
DA:22,6
DA:23,6
DA:24,6
DA:25,7
DA:26,7
DA:27,7
DA:28,7
DA:29,7
DA:30,7
DA:31,7
DA:32,7
DA:33,7
DA:34,7
DA:35,6
DA:36,6
DA:37,0
DA:38,0
DA:39,0
DA:40,0
DA:41,0
DA:42,0
DA:43,6
DA:44,6
DA:45,6
DA:46,6
DA:47,6
DA:48,6
DA:49,6
DA:50,6
DA:51,6
DA:52,6
DA:53,6
DA:54,8
DA:55,8
DA:56,8
DA:57,6
DA:58,6
DA:59,6
DA:60,6
DA:61,6
DA:62,6
DA:63,6
DA:64,6
DA:65,1
DA:66,1
DA:67,5
DA:68,5
DA:69,5
DA:70,8
DA:71,8
DA:72,2
DA:73,2
DA:74,2
DA:75,2
DA:76,2
DA:77,2
DA:78,1
DA:79,1
DA:80,1
DA:81,1
DA:82,1
DA:83,1
DA:84,8
DA:85,8
DA:86,8
DA:87,4
DA:88,4
DA:89,4
DA:90,4
DA:91,4
DA:92,4
DA:93,4
DA:94,4
DA:95,4
DA:96,4
DA:97,3
DA:98,3
DA:99,4
DA:100,4
DA:101,4
DA:102,2
DA:103,4
DA:104,1
DA:105,1
DA:106,1
DA:107,1
DA:108,1
DA:109,1
DA:110,4
DA:111,1
DA:112,1
DA:113,1
DA:114,1
DA:115,1
DA:116,1
DA:117,4
DA:118,1
DA:119,1
DA:120,8
DA:121,8
DA:122,8
DA:123,8
DA:124,8
DA:125,8
DA:126,8
DA:127,8
DA:128,8
DA:129,8
DA:130,8
DA:131,8
DA:132,8
DA:133,8
DA:134,8
DA:135,8
DA:136,8
DA:137,8
DA:138,8
DA:139,8
DA:140,8
DA:141,8
DA:142,8
DA:143,8
DA:144,8
DA:145,8
DA:146,8
DA:147,8
DA:148,8
DA:149,8
DA:150,8
DA:151,8
DA:152,8
DA:153,8
DA:154,8
DA:155,8
DA:156,8
DA:157,8
DA:158,8
DA:159,8
DA:160,8
DA:161,8
DA:162,8
DA:163,8
DA:164,8
DA:165,8
DA:166,8
DA:167,8
DA:168,8
DA:169,8
DA:170,8
DA:171,8
DA:172,8
DA:173,8
DA:174,8
DA:175,8
DA:176,8
DA:177,8
DA:178,8
DA:179,8
DA:180,8
DA:181,8
DA:182,8
DA:183,8
DA:184,8
DA:185,8
DA:186,8
DA:187,8
DA:188,8
DA:189,8
DA:190,8
DA:191,8
DA:192,8
DA:193,8
DA:194,8
DA:195,8
DA:196,8
DA:197,8
DA:198,8
DA:199,8
DA:200,8
DA:201,8
DA:202,8
DA:203,8
DA:204,8
DA:205,8
DA:206,8
DA:207,8
DA:208,8
DA:209,8
DA:210,8
DA:211,8
DA:212,8
DA:213,8
DA:214,8
DA:215,8
DA:216,8
DA:217,8
DA:218,8
DA:219,8
DA:220,8
DA:221,8
DA:222,8
DA:223,8
DA:224,8
DA:225,8
DA:226,8
DA:227,8
DA:228,8
DA:229,8
DA:230,8
DA:231,8
DA:232,8
DA:233,8
DA:234,8
DA:235,8
DA:236,8
DA:237,8
DA:238,8
DA:239,8
DA:240,8
LH:234
LF:240
end_of_record
SF:src/modules/auth/rbac.ts
FN:2,__name
FN:33,anonymous_1
FN:100,can
FN:105,assertCan
FN:108,assertClientPartyScope
FN:114,clientPartyScope
FN:117,narrowToClientPartyScope
FN:123,tenantFirmId
FN:130,firmScope
FN:140,requireFirmScope
FN:149,assertSameTenant
FN:158,buyerPartyId
FN:164,assertBuyerPartyAccess
FN:176,firmEngagesParty
FN:192,assertPartyAccess
FN:200,assertPartyAccessOrInvoiceRef
FNDA:1862,__name
FNDA:8246,anonymous_1
FNDA:724,can
FNDA:640,assertCan
FNDA:317,assertClientPartyScope
FNDA:185,clientPartyScope
FNDA:5,narrowToClientPartyScope
FNDA:830,tenantFirmId
FNDA:23,firmScope
FNDA:430,requireFirmScope
FNDA:127,assertSameTenant
FNDA:39,buyerPartyId
FNDA:20,assertBuyerPartyAccess
FNDA:97,firmEngagesParty
FNDA:102,assertPartyAccess
FNDA:10,assertPartyAccessOrInvoiceRef
FNF:16
FNH:16
BRDA:1,0,0,133
BRDA:2,1,0,1862
BRDA:33,2,0,8246
BRDA:34,3,0,3059
BRDA:35,4,0,5320
BRDA:100,5,0,724
BRDA:101,6,0,1
BRDA:104,7,0,40
BRDA:104,8,0,0
BRDA:105,9,0,640
BRDA:106,10,0,47
BRDA:108,11,0,317
BRDA:111,12,0,90
BRDA:111,13,0,41
BRDA:111,14,0,14
BRDA:112,15,0,21
BRDA:111,16,0,10
BRDA:114,17,0,185
BRDA:116,18,0,94
BRDA:116,19,0,75
BRDA:116,20,0,5
BRDA:117,21,0,5
BRDA:118,22,0,1
BRDA:120,23,0,2
BRDA:121,24,0,1
BRDA:121,25,0,2
BRDA:118,26,0,1
BRDA:123,27,0,830
BRDA:127,28,0,1
BRDA:129,29,0,38
BRDA:123,30,0,14
BRDA:124,31,0,9
BRDA:125,32,0,14
BRDA:130,33,0,23
BRDA:134,34,0,0
BRDA:140,35,0,430
BRDA:147,36,0,24
BRDA:144,37,0,0
BRDA:149,38,0,127
BRDA:156,39,0,10
BRDA:158,40,0,39
BRDA:159,41,0,0
BRDA:164,42,0,20
BRDA:169,43,0,2
BRDA:176,44,0,97
BRDA:192,45,0,102
BRDA:198,46,0,11
BRDA:197,47,0,48
BRDA:197,48,0,2
BRDA:200,49,0,10
BRDA:205,50,0,1
BRDA:205,51,0,9
BRDA:209,52,0,7
BRDA:213,53,0,2
BRDA:213,54,0,7
BRDA:225,55,0,1
BRF:56
BRH:52
DA:1,133
DA:2,133
DA:3,1862
DA:4,1862
DA:5,1862
DA:6,1862
DA:7,133
DA:8,133
DA:9,133
DA:10,133
DA:11,133
DA:12,133
DA:13,133
DA:14,133
DA:15,133
DA:16,133
DA:17,133
DA:18,133
DA:19,133
DA:20,133
DA:21,133
DA:22,133
DA:23,133
DA:24,133
DA:25,133
DA:26,133
DA:27,133
DA:28,133
DA:29,133
DA:30,133
DA:31,133
DA:32,133
DA:33,133
DA:34,8246
DA:35,8246
DA:36,133
DA:37,133
DA:38,133
DA:39,133
DA:40,133
DA:41,133
DA:42,133
DA:43,133
DA:44,133
DA:45,133
DA:46,133
DA:47,133
DA:48,133
DA:49,133
DA:50,133
DA:51,133
DA:52,133
DA:53,133
DA:54,133
DA:55,133
DA:56,133
DA:57,133
DA:58,133
DA:59,133
DA:60,133
DA:61,133
DA:62,133
DA:63,133
DA:64,133
DA:65,133
DA:66,133
DA:67,133
DA:68,133
DA:69,133
DA:70,133
DA:71,133
DA:72,133
DA:73,133
DA:74,133
DA:75,133
DA:76,133
DA:77,133
DA:78,133
DA:79,133
DA:80,133
DA:81,133
DA:82,133
DA:83,133
DA:84,133
DA:85,133
DA:86,133
DA:87,133
DA:88,133
DA:89,133
DA:90,133
DA:91,133
DA:92,133
DA:93,133
DA:94,133
DA:95,133
DA:96,133
DA:97,133
DA:98,133
DA:99,133
DA:100,133
DA:101,724
DA:102,1
DA:103,1
DA:104,724
DA:105,133
DA:106,640
DA:107,133
DA:108,133
DA:109,317
DA:110,317
DA:111,317
DA:112,10
DA:113,133
DA:114,133
DA:115,185
DA:116,133
DA:117,133
DA:118,5
DA:119,1
DA:120,1
DA:121,1
DA:122,133
DA:123,133
DA:124,830
DA:125,830
DA:126,14
DA:127,830
DA:128,1
DA:129,830
DA:130,133
DA:131,23
DA:132,23
DA:133,23
DA:134,23
DA:135,0
DA:136,0
DA:137,0
DA:138,133
DA:139,133
DA:140,133
DA:141,430
DA:142,430
DA:143,430
DA:144,430
DA:145,0
DA:146,0
DA:147,133
DA:148,133
DA:149,133
DA:150,127
DA:151,127
DA:152,127
DA:153,127
DA:154,127
DA:155,127
DA:156,127
DA:157,133
DA:158,133
DA:159,39
DA:160,0
DA:161,39
DA:162,133
DA:163,133
DA:164,133
DA:165,20
DA:166,20
DA:167,20
DA:168,20
DA:169,20
DA:170,2
DA:171,2
DA:172,2
DA:173,133
DA:174,133
DA:175,133
DA:176,133
DA:177,97
DA:178,97
DA:179,97
DA:180,97
DA:181,97
DA:182,97
DA:183,97
DA:184,97
DA:185,97
DA:186,97
DA:187,97
DA:188,97
DA:189,97
DA:190,133
DA:191,133
DA:192,102
DA:193,102
DA:194,102
DA:195,102
DA:196,102
DA:197,102
DA:198,102
DA:199,133
DA:200,133
DA:201,10
DA:202,10
DA:203,10
DA:204,10
DA:205,10
DA:206,9
DA:207,9
DA:208,9
DA:209,9
DA:210,7
DA:211,7
DA:212,7
DA:213,9
DA:214,7
DA:215,7
DA:216,7
DA:217,7
DA:218,7
DA:219,7
DA:220,7
DA:221,7
DA:222,7
DA:223,7
DA:224,7
DA:225,133
DA:226,133
DA:227,133
DA:228,133
DA:229,133
DA:230,133
DA:231,133
DA:232,133
DA:233,133
DA:234,133
DA:235,133
DA:236,133
DA:237,133
DA:238,133
DA:239,133
DA:240,133
DA:241,133
DA:242,133
DA:243,133
DA:244,133
DA:245,133
DA:246,133
DA:247,133
DA:248,133
DA:249,133
DA:250,133
DA:251,133
DA:252,133
DA:253,133
DA:254,133
DA:255,133
DA:256,133
DA:257,133
DA:258,133
DA:259,133
DA:260,133
DA:261,133
DA:262,133
DA:263,133
DA:264,133
DA:265,133
DA:266,133
DA:267,133
DA:268,133
DA:269,133
DA:270,133
DA:271,133
DA:272,133
DA:273,133
DA:274,133
DA:275,133
DA:276,133
DA:277,133
DA:278,133
DA:279,133
DA:280,133
DA:281,133
DA:282,133
DA:283,133
DA:284,133
DA:285,133
DA:286,133
DA:287,133
DA:288,133
DA:289,133
DA:290,133
DA:291,133
DA:292,133
DA:293,133
DA:294,133
DA:295,133
DA:296,133
DA:297,133
DA:298,133
DA:299,133
DA:300,133
DA:301,133
DA:302,133
DA:303,133
DA:304,133
DA:305,133
DA:306,133
DA:307,133
DA:308,133
DA:309,133
DA:310,133
DA:311,133
DA:312,133
DA:313,133
DA:314,133
DA:315,133
DA:316,133
DA:317,133
DA:318,133
DA:319,133
DA:320,133
DA:321,133
DA:322,133
DA:323,133
DA:324,133
DA:325,133
DA:326,133
DA:327,133
DA:328,133
DA:329,133
DA:330,133
DA:331,133
DA:332,133
DA:333,133
DA:334,133
DA:335,133
DA:336,133
DA:337,133
DA:338,133
DA:339,133
DA:340,133
DA:341,133
DA:342,133
DA:343,133
DA:344,133
DA:345,133
DA:346,133
DA:347,133
DA:348,133
DA:349,133
DA:350,133
DA:351,133
DA:352,133
DA:353,133
DA:354,133
DA:355,133
DA:356,133
DA:357,133
DA:358,133
DA:359,133
DA:360,133
DA:361,133
DA:362,133
DA:363,133
DA:364,133
DA:365,133
DA:366,133
DA:367,133
DA:368,133
DA:369,133
DA:370,133
DA:371,133
DA:372,133
DA:373,133
DA:374,133
DA:375,133
DA:376,133
DA:377,133
DA:378,133
DA:379,133
DA:380,133
DA:381,133
DA:382,133
DA:383,133
DA:384,133
DA:385,133
DA:386,133
DA:387,133
DA:388,133
DA:389,133
DA:390,133
DA:391,133
DA:392,133
DA:393,133
DA:394,133
DA:395,133
DA:396,133
DA:397,133
DA:398,133
DA:399,133
DA:400,133
DA:401,133
DA:402,133
DA:403,133
DA:404,133
DA:405,133
DA:406,133
DA:407,133
DA:408,133
DA:409,133
DA:410,133
DA:411,133
DA:412,133
DA:413,133
DA:414,133
DA:415,133
DA:416,133
DA:417,133
DA:418,133
DA:419,133
DA:420,133
DA:421,133
DA:422,133
DA:423,133
DA:424,133
DA:425,133
DA:426,133
DA:427,133
DA:428,133
DA:429,133
DA:430,133
DA:431,133
DA:432,133
DA:433,133
DA:434,133
DA:435,133
DA:436,133
DA:437,133
DA:438,133
DA:439,133
DA:440,133
DA:441,133
DA:442,133
DA:443,133
DA:444,133
DA:445,133
DA:446,133
DA:447,133
DA:448,133
DA:449,133
DA:450,133
DA:451,133
DA:452,133
DA:453,133
DA:454,133
DA:455,133
DA:456,133
DA:457,133
DA:458,133
DA:459,133
DA:460,133
DA:461,133
DA:462,133
DA:463,133
DA:464,133
DA:465,133
DA:466,133
DA:467,133
DA:468,133
DA:469,133
DA:470,133
DA:471,133
DA:472,133
DA:473,133
DA:474,133
DA:475,133
DA:476,133
DA:477,133
DA:478,133
DA:479,133
DA:480,133
DA:481,133
DA:482,133
DA:483,133
DA:484,133
DA:485,133
DA:486,133
DA:487,133
DA:488,133
DA:489,133
DA:490,133
DA:491,133
DA:492,133
DA:493,133
DA:494,133
DA:495,133
DA:496,133
DA:497,133
DA:498,133
DA:499,133
DA:500,133
DA:501,133
DA:502,133
DA:503,133
DA:504,133
DA:505,133
DA:506,133
DA:507,133
DA:508,133
DA:509,133
DA:510,133
DA:511,133
LH:505
LF:511
end_of_record
SF:src/modules/auth/session.ts
FN:4,__name
FN:24,normalizeEmail
FN:27,<static_initializer>
FN:27,PasswordKdfBusyError
FN:30,boundedInteger
FN:41,releaseKdfSlot
FN:47,acquireKdfSlot
FN:57,scrypt
FN:60,hashPassword
FN:63,verifyPassword
FN:89,burnDecoyScrypt
FN:99,environmentSigningKeys
FN:129,getSessionSigningKeys
FN:150,getDevelopmentSessionSecret
FN:174,getSessionSecret
FN:176,assertSessionSigningConfigured
FN:178,signSessionPayload
FN:181,issueSessionToken
FN:191,verifySessionToken
FN:231,authenticate
FN:252,currentSessionEpoch
FN:50,anonymous_21
FN:105,anonymous_22
FN:119,anonymous_23
FN:199,anonymous_24
FNDA:380,__name
FNDA:399,normalizeEmail
FNDA:20,<static_initializer>
FNDA:0,PasswordKdfBusyError
FNDA:40,boundedInteger
FNDA:101,releaseKdfSlot
FNDA:101,acquireKdfSlot
FNDA:101,scrypt
FNDA:22,hashPassword
FNDA:50,verifyPassword
FNDA:29,burnDecoyScrypt
FNDA:99,environmentSigningKeys
FNDA:99,getSessionSigningKeys
FNDA:99,getDevelopmentSessionSecret
FNDA:49,getSessionSecret
FNDA:0,assertSessionSigningConfigured
FNDA:99,signSessionPayload
FNDA:31,issueSessionToken
FNDA:19,verifySessionToken
FNDA:73,authenticate
FNDA:10,currentSessionEpoch
FNDA:0,anonymous_21
FNDA:0,anonymous_22
FNDA:0,anonymous_23
FNDA:18,anonymous_24
FNF:25
FNH:20
BRDA:1,0,0,20
BRDA:4,1,0,380
BRDA:24,2,0,399
BRDA:27,3,0,20
BRDA:30,4,0,40
BRDA:33,5,0,0
BRDA:41,6,0,101
BRDA:44,7,0,0
BRDA:47,8,0,101
BRDA:49,9,0,0
BRDA:57,10,0,101
BRDA:60,11,0,22
BRDA:63,12,0,50
BRDA:68,13,0,0
BRDA:70,14,0,0
BRDA:70,15,0,0
BRDA:89,16,0,29
BRDA:99,17,0,99
BRDA:101,18,0,0
BRDA:102,19,0,0
BRDA:123,20,0,0
BRDA:125,21,0,0
BRDA:129,22,0,99
BRDA:134,23,0,0
BRDA:139,24,0,0
BRDA:150,25,0,99
BRDA:152,26,0,95
BRDA:152,27,0,1
BRDA:160,28,0,1
BRDA:152,29,0,3
BRDA:173,30,0,0
BRDA:174,31,0,49
BRDA:178,32,0,99
BRDA:181,33,0,31
BRDA:191,34,0,19
BRDA:210,35,0,1
BRDA:210,36,0,4
BRDA:214,37,0,4
BRDA:219,38,0,4
BRDA:222,39,0,4
BRDA:223,40,0,4
BRDA:224,41,0,4
BRDA:226,42,0,4
BRDA:203,43,0,0
BRDA:204,44,0,0
BRDA:217,45,0,0
BRDA:219,46,0,0
BRDA:222,47,0,0
BRDA:223,48,0,0
BRDA:224,49,0,0
BRDA:226,50,0,0
BRDA:231,51,0,73
BRDA:244,52,0,2
BRDA:247,53,0,1
BRDA:247,54,0,29
BRDA:248,55,0,1
BRDA:233,56,0,29
BRDA:235,57,0,28
BRDA:236,58,0,27
BRDA:248,59,0,27
BRDA:252,60,0,10
BRDA:259,61,0,2
BRDA:259,62,0,1
BRDA:199,63,0,18
BRF:64
BRH:43
DA:1,20
DA:2,20
DA:3,20
DA:4,20
DA:5,380
DA:6,380
DA:7,20
DA:8,20
DA:9,20
DA:10,20
DA:11,20
DA:12,20
DA:13,20
DA:14,20
DA:15,20
DA:16,20
DA:17,20
DA:18,20
DA:19,20
DA:20,20
DA:21,20
DA:22,20
DA:23,20
DA:24,20
DA:25,20
DA:26,20
DA:27,20
DA:28,0
DA:29,0
DA:30,20
DA:31,40
DA:32,40
DA:33,40
DA:34,40
DA:35,20
DA:36,20
DA:37,20
DA:38,20
DA:39,20
DA:40,20
DA:41,20
DA:42,101
DA:43,101
DA:44,101
DA:45,20
DA:46,20
DA:47,20
DA:48,101
DA:49,101
DA:50,0
DA:51,0
DA:52,0
DA:53,0
DA:54,20
DA:55,20
DA:56,20
DA:57,20
DA:58,101
DA:59,101
DA:60,20
DA:61,22
DA:62,22
DA:63,20
DA:64,50
DA:65,50
DA:66,50
DA:67,50
DA:68,50
DA:69,50
DA:70,50
DA:71,50
DA:72,50
DA:73,50
DA:74,50
DA:75,50
DA:76,50
DA:77,50
DA:78,50
DA:79,20
DA:80,20
DA:81,20
DA:82,20
DA:83,20
DA:84,20
DA:85,20
DA:86,20
DA:87,20
DA:88,20
DA:89,20
DA:90,29
DA:91,29
DA:92,29
DA:93,29
DA:94,29
DA:95,29
DA:96,29
DA:97,20
DA:98,20
DA:99,20
DA:100,99
DA:101,99
DA:102,99
DA:103,0
DA:104,0
DA:105,0
DA:106,0
DA:107,0
DA:108,0
DA:109,0
DA:110,0
DA:111,0
DA:112,0
DA:113,0
DA:114,0
DA:115,0
DA:116,0
DA:117,0
DA:118,0
DA:119,0
DA:120,0
DA:121,0
DA:122,99
DA:123,99
DA:124,99
DA:125,99
DA:126,0
DA:127,0
DA:128,20
DA:129,20
DA:130,99
DA:131,99
DA:132,99
DA:133,99
DA:134,99
DA:135,0
DA:136,0
DA:137,99
DA:138,99
DA:139,99
DA:140,0
DA:141,0
DA:142,0
DA:143,99
DA:144,99
DA:145,99
DA:146,20
DA:147,20
DA:148,20
DA:149,20
DA:150,20
DA:151,99
DA:152,99
DA:153,3
DA:154,3
DA:155,3
DA:156,3
DA:157,3
DA:158,3
DA:159,3
DA:160,99
DA:161,1
DA:162,1
DA:163,1
DA:164,1
DA:165,1
DA:166,1
DA:167,1
DA:168,1
DA:169,1
DA:170,1
DA:171,1
DA:172,1
DA:173,20
DA:174,20
DA:175,20
DA:176,20
DA:177,20
DA:178,20
DA:179,99
DA:180,20
DA:181,20
DA:182,31
DA:183,31
DA:184,31
DA:185,31
DA:186,31
DA:187,31
DA:188,31
DA:189,20
DA:190,20
DA:191,20
DA:192,19
DA:193,19
DA:194,19
DA:195,19
DA:196,19
DA:197,19
DA:198,19
DA:199,19
DA:200,19
DA:201,19
DA:202,19
DA:203,19
DA:204,19
DA:205,19
DA:206,19
DA:207,19
DA:208,19
DA:209,19
DA:210,19
DA:211,4
DA:212,4
DA:213,4
DA:214,19
DA:215,4
DA:216,4
DA:217,19
DA:218,19
DA:219,19
DA:220,19
DA:221,19
DA:222,19
DA:223,19
DA:224,19
DA:225,4
DA:226,19
DA:227,4
DA:228,20
DA:229,20
DA:230,20
DA:231,20
DA:232,73
DA:233,73
DA:234,29
DA:235,73
DA:236,73
DA:237,27
DA:238,27
DA:239,27
DA:240,27
DA:241,27
DA:242,27
DA:243,27
DA:244,27
DA:245,27
DA:246,27
DA:247,73
DA:248,73
DA:249,27
DA:250,27
DA:251,20
DA:252,20
DA:253,10
DA:254,10
DA:255,10
DA:256,10
DA:257,10
DA:258,10
DA:259,20
DA:260,20
DA:261,20
DA:262,20
DA:263,20
DA:264,20
DA:265,20
DA:266,20
DA:267,20
DA:268,20
DA:269,20
DA:270,20
DA:271,20
DA:272,20
DA:273,20
DA:274,20
DA:275,20
DA:276,20
DA:277,20
DA:278,20
DA:279,20
DA:280,20
DA:281,20
DA:282,20
DA:283,20
DA:284,20
DA:285,20
DA:286,20
DA:287,20
DA:288,20
DA:289,20
DA:290,20
DA:291,20
DA:292,20
DA:293,20
DA:294,20
DA:295,20
DA:296,20
DA:297,20
DA:298,20
DA:299,20
DA:300,20
DA:301,20
DA:302,20
DA:303,20
DA:304,20
DA:305,20
DA:306,20
DA:307,20
DA:308,20
DA:309,20
DA:310,20
DA:311,20
DA:312,20
DA:313,20
DA:314,20
DA:315,20
DA:316,20
DA:317,20
DA:318,20
DA:319,20
DA:320,20
DA:321,20
DA:322,20
DA:323,20
DA:324,20
DA:325,20
DA:326,20
DA:327,20
DA:328,20
DA:329,20
DA:330,20
DA:331,20
DA:332,20
DA:333,20
DA:334,20
DA:335,20
DA:336,20
DA:337,20
DA:338,20
DA:339,20
DA:340,20
DA:341,20
DA:342,20
DA:343,20
DA:344,20
DA:345,20
DA:346,20
DA:347,20
DA:348,20
DA:349,20
DA:350,20
DA:351,20
DA:352,20
DA:353,20
DA:354,20
DA:355,20
DA:356,20
DA:357,20
DA:358,20
DA:359,20
DA:360,20
DA:361,20
DA:362,20
DA:363,20
DA:364,20
DA:365,20
DA:366,20
DA:367,20
DA:368,20
DA:369,20
DA:370,20
DA:371,20
DA:372,20
DA:373,20
DA:374,20
DA:375,20
DA:376,20
DA:377,20
DA:378,20
DA:379,20
DA:380,20
DA:381,20
DA:382,20
DA:383,20
DA:384,20
DA:385,20
DA:386,20
DA:387,20
DA:388,20
DA:389,20
DA:390,20
DA:391,20
DA:392,20
DA:393,20
DA:394,20
DA:395,20
DA:396,20
DA:397,20
DA:398,20
DA:399,20
DA:400,20
DA:401,20
DA:402,20
DA:403,20
DA:404,20
DA:405,20
DA:406,20
DA:407,20
DA:408,20
DA:409,20
DA:410,20
DA:411,20
DA:412,20
DA:413,20
DA:414,20
DA:415,20
DA:416,20
DA:417,20
LH:385
LF:417
end_of_record
SF:src/modules/auth/throttle.ts
FN:2,__name
FN:16,requestIp
FN:17,ipKey
FN:18,throttleLoginAttempt
FN:25,throttlePublicWindow
FN:31,throttlePublicRequest
FN:44,throttlePasswordResetRequest
FN:52,accountKey
FN:55,retryAfter
FN:62,retryAfterReservedAttempt
FN:71,throttleLoginCredentials
FN:79,anonymous_11
FN:86,clearLoginFailures
FN:92,isActionThrottled
FN:98,recordActionFailure
FN:105,throttleActionAttempt
FN:114,clearActionFailures
FN:117,sweepExpiredLoginAttempts
FN:50,anonymous_18
FNDA:160,__name
FNDA:178,requestIp
FNDA:132,ipKey
FNDA:27,throttleLoginAttempt
FNDA:21,throttlePublicWindow
FNDA:17,throttlePublicRequest
FNDA:2,throttlePasswordResetRequest
FNDA:132,accountKey
FNDA:6,retryAfter
FNDA:208,retryAfterReservedAttempt
FNDA:104,throttleLoginCredentials
FNDA:208,anonymous_11
FNDA:28,clearLoginFailures
FNDA:6,isActionThrottled
FNDA:5,recordActionFailure
FNDA:43,throttleActionAttempt
FNDA:14,clearActionFailures
FNDA:7,sweepExpiredLoginAttempts
FNDA:4,anonymous_18
FNF:19
FNH:19
BRDA:1,0,0,10
BRDA:13,1,0,0
BRDA:2,2,0,160
BRDA:16,3,0,178
BRDA:16,4,0,0
BRDA:17,5,0,132
BRDA:18,6,0,27
BRDA:20,7,0,0
BRDA:25,8,0,21
BRDA:28,9,0,13
BRDA:28,10,0,1
BRDA:31,11,0,17
BRDA:32,12,0,11
BRDA:32,13,0,12
BRDA:32,14,0,2
BRDA:35,15,0,0
BRDA:44,16,0,2
BRDA:51,17,0,0
BRDA:52,18,0,132
BRDA:55,19,0,6
BRDA:56,20,0,1
BRDA:57,21,0,5
BRDA:60,22,0,0
BRDA:60,23,0,5
BRDA:61,24,0,1
BRDA:61,25,0,4
BRDA:62,26,0,208
BRDA:65,27,0,144
BRDA:65,28,0,10
BRDA:71,29,0,104
BRDA:82,30,0,10
BRDA:83,31,0,67
BRDA:79,32,0,208
BRDA:86,33,0,28
BRDA:92,34,0,6
BRDA:98,35,0,5
BRDA:105,36,0,43
BRDA:109,37,0,27
BRDA:110,38,0,3
BRDA:114,39,0,14
BRDA:117,40,0,7
BRDA:50,41,0,4
BRF:42
BRH:36
DA:1,10
DA:2,10
DA:3,10
DA:4,10
DA:5,10
DA:6,10
DA:7,10
DA:8,10
DA:9,10
DA:10,10
DA:11,10
DA:12,10
DA:13,10
DA:14,10
DA:15,10
DA:16,10
DA:17,10
DA:18,10
DA:19,27
DA:20,27
DA:21,0
DA:22,0
DA:23,10
DA:24,10
DA:25,10
DA:26,21
DA:27,21
DA:28,21
DA:29,1
DA:30,10
DA:31,10
DA:32,17
DA:33,2
DA:34,2
DA:35,2
DA:36,2
DA:37,17
DA:38,17
DA:39,17
DA:40,17
DA:41,10
DA:42,10
DA:43,10
DA:44,10
DA:45,2
DA:46,2
DA:47,2
DA:48,2
DA:49,2
DA:50,2
DA:51,10
DA:52,10
DA:53,10
DA:54,10
DA:55,10
DA:56,6
DA:57,6
DA:58,5
DA:59,5
DA:60,6
DA:61,10
DA:62,10
DA:63,208
DA:64,208
DA:65,208
DA:66,10
DA:67,10
DA:68,10
DA:69,10
DA:70,10
DA:71,10
DA:72,104
DA:73,104
DA:74,104
DA:75,104
DA:76,104
DA:77,104
DA:78,104
DA:79,104
DA:80,104
DA:81,104
DA:82,104
DA:83,10
DA:84,10
DA:85,10
DA:86,10
DA:87,28
DA:88,28
DA:89,28
DA:90,28
DA:91,10
DA:92,10
DA:93,6
DA:94,6
DA:95,6
DA:96,10
DA:97,10
DA:98,10
DA:99,5
DA:100,5
DA:101,5
DA:102,5
DA:103,5
DA:104,10
DA:105,10
DA:106,43
DA:107,43
DA:108,43
DA:109,43
DA:110,43
DA:111,3
DA:112,3
DA:113,10
DA:114,10
DA:115,14
DA:116,10
DA:117,10
DA:118,7
DA:119,7
DA:120,7
DA:121,7
DA:122,7
DA:123,7
DA:124,7
DA:125,10
DA:126,10
DA:127,10
DA:128,10
DA:129,10
DA:130,10
DA:131,10
DA:132,10
DA:133,10
DA:134,10
DA:135,10
DA:136,10
DA:137,10
DA:138,10
DA:139,10
DA:140,10
DA:141,10
DA:142,10
DA:143,10
DA:144,10
DA:145,10
DA:146,10
DA:147,10
DA:148,10
DA:149,10
DA:150,10
DA:151,10
DA:152,10
DA:153,10
DA:154,10
DA:155,10
DA:156,10
DA:157,10
DA:158,10
DA:159,10
DA:160,10
DA:161,10
DA:162,10
DA:163,10
DA:164,10
DA:165,10
DA:166,10
DA:167,10
DA:168,10
DA:169,10
DA:170,10
DA:171,10
DA:172,10
DA:173,10
DA:174,10
DA:175,10
DA:176,10
DA:177,10
DA:178,10
DA:179,10
DA:180,10
DA:181,10
DA:182,10
DA:183,10
DA:184,10
DA:185,10
DA:186,10
DA:187,10
DA:188,10
DA:189,10
DA:190,10
DA:191,10
DA:192,10
DA:193,10
DA:194,10
DA:195,10
DA:196,10
DA:197,10
DA:198,10
DA:199,10
DA:200,10
DA:201,10
DA:202,10
DA:203,10
DA:204,10
DA:205,10
DA:206,10
DA:207,10
DA:208,10
DA:209,10
DA:210,10
DA:211,10
DA:212,10
DA:213,10
DA:214,10
DA:215,10
DA:216,10
DA:217,10
DA:218,10
DA:219,10
DA:220,10
DA:221,10
DA:222,10
DA:223,10
DA:224,10
DA:225,10
DA:226,10
DA:227,10
DA:228,10
DA:229,10
DA:230,10
DA:231,10
DA:232,10
DA:233,10
DA:234,10
DA:235,10
DA:236,10
DA:237,10
DA:238,10
DA:239,10
LH:237
LF:239
end_of_record
SF:src/modules/auth/totp.ts
FN:4,__name
FN:12,base32Encode
FN:17,base32Decode
FN:24,hotp
FN:38,totpStep
FN:42,totpCode
FN:48,constantTimeEqual
FN:51,verifyTotpCode
FN:72,generateTotpSecret
FN:75,buildOtpauthUri
FN:88,normalizeRecoveryCode
FN:92,hashRecoveryCode
FN:95,generateRecoveryCodes
FN:106,issueMfaToken
FN:113,verifyMfaToken
FNDA:112,__name
FNDA:519,base32Encode
FNDA:3121,base32Decode
FNDA:174,hotp
FNDA:95,totpStep
FNDA:55,totpCode
FNDA:105,constantTimeEqual
FNDA:105,verifyTotpCode
FNDA:11,generateTotpSecret
FNDA:2,buildOtpauthUri
FNDA:97,normalizeRecoveryCode
FNDA:96,hashRecoveryCode
FNDA:480,generateRecoveryCodes
FNDA:12,issueMfaToken
FNDA:38,verifyMfaToken
FNF:15
FNH:15
BRDA:1,0,0,8
BRDA:4,1,0,112
BRDA:12,2,0,20
BRDA:13,3,0,326
BRDA:14,4,0,519
BRDA:15,5,0,6
BRDA:17,6,0,102
BRDA:19,7,0,3121
BRDA:21,8,0,1947
BRDA:20,9,0,1
BRDA:20,10,0,688
BRDA:21,11,0,25
BRDA:24,12,0,174
BRDA:38,13,0,95
BRDA:42,14,0,55
BRDA:48,15,0,105
BRDA:51,16,0,43
BRDA:62,17,0,105
BRDA:68,18,0,21
BRDA:68,19,0,21
BRDA:70,20,0,10
BRDA:70,21,0,3
BRDA:56,22,0,8
BRDA:56,23,0,29
BRDA:57,24,0,9
BRDA:68,25,0,29
BRDA:68,26,0,14
BRDA:70,27,0,15
BRDA:70,28,0,5
BRDA:71,29,0,10
BRDA:57,30,0,0
BRDA:57,31,0,20
BRDA:72,32,0,11
BRDA:75,33,0,2
BRDA:88,34,0,97
BRDA:92,35,0,96
BRDA:95,36,0,6
BRDA:99,37,0,48
BRDA:100,38,0,480
BRDA:106,39,0,12
BRDA:113,40,0,38
BRDA:124,41,0,3
BRDA:124,42,0,28
BRDA:130,43,0,28
BRDA:135,44,0,28
BRDA:135,45,0,1
BRDA:136,46,0,27
BRDA:115,47,0,1
BRDA:115,48,0,26
BRDA:130,49,0,0
BRDA:135,50,0,0
BRF:51
BRH:48
DA:1,8
DA:2,8
DA:3,8
DA:4,8
DA:5,112
DA:6,112
DA:7,112
DA:8,8
DA:9,8
DA:10,8
DA:11,8
DA:12,8
DA:13,20
DA:14,326
DA:15,20
DA:16,20
DA:17,8
DA:18,102
DA:19,102
DA:20,3121
DA:21,102
DA:22,8
DA:23,8
DA:24,174
DA:25,174
DA:26,174
DA:27,174
DA:28,174
DA:29,174
DA:30,174
DA:31,174
DA:32,174
DA:33,174
DA:34,174
DA:35,174
DA:36,174
DA:37,8
DA:38,8
DA:39,95
DA:40,8
DA:41,8
DA:42,8
DA:43,55
DA:44,55
DA:45,55
DA:46,55
DA:47,55
DA:48,8
DA:49,105
DA:50,8
DA:51,8
DA:52,43
DA:53,43
DA:54,43
DA:55,43
DA:56,43
DA:57,43
DA:58,43
DA:59,43
DA:60,43
DA:61,43
DA:62,43
DA:63,105
DA:64,105
DA:65,105
DA:66,105
DA:67,105
DA:68,43
DA:69,14
DA:70,43
DA:71,3
DA:72,8
DA:73,11
DA:74,8
DA:75,8
DA:76,2
DA:77,2
DA:78,2
DA:79,2
DA:80,2
DA:81,8
DA:82,8
DA:83,8
DA:84,8
DA:85,8
DA:86,8
DA:87,8
DA:88,8
DA:89,8
DA:90,8
DA:91,8
DA:92,8
DA:93,96
DA:94,96
DA:95,8
DA:96,6
DA:97,6
DA:98,6
DA:99,6
DA:100,48
DA:101,480
DA:102,480
DA:103,480
DA:104,8
DA:105,8
DA:106,8
DA:107,12
DA:108,12
DA:109,12
DA:110,12
DA:111,8
DA:112,8
DA:113,38
DA:114,38
DA:115,38
DA:116,26
DA:117,26
DA:118,26
DA:119,26
DA:120,26
DA:121,26
DA:122,26
DA:123,26
DA:124,38
DA:125,28
DA:126,28
DA:127,28
DA:128,28
DA:129,28
DA:130,38
DA:131,28
DA:132,28
DA:133,28
DA:134,28
DA:135,38
DA:136,8
DA:137,8
DA:138,8
DA:139,8
DA:140,8
DA:141,8
DA:142,8
DA:143,8
DA:144,8
DA:145,8
DA:146,8
DA:147,8
DA:148,8
DA:149,8
DA:150,8
DA:151,8
DA:152,8
DA:153,8
DA:154,8
DA:155,8
DA:156,8
DA:157,8
DA:158,8
DA:159,8
DA:160,8
DA:161,8
DA:162,8
DA:163,8
DA:164,8
DA:165,8
DA:166,8
DA:167,8
DA:168,8
DA:169,8
DA:170,8
DA:171,8
DA:172,8
DA:173,8
DA:174,8
DA:175,8
DA:176,8
DA:177,8
DA:178,8
DA:179,8
DA:180,8
DA:181,8
DA:182,8
DA:183,8
DA:184,8
DA:185,8
DA:186,8
DA:187,8
DA:188,8
DA:189,8
DA:190,8
DA:191,8
DA:192,8
DA:193,8
DA:194,8
DA:195,8
DA:196,8
DA:197,8
DA:198,8
DA:199,8
DA:200,8
DA:201,8
DA:202,8
DA:203,8
DA:204,8
DA:205,8
DA:206,8
DA:207,8
DA:208,8
DA:209,8
DA:210,8
DA:211,8
DA:212,8
DA:213,8
DA:214,8
DA:215,8
DA:216,8
DA:217,8
DA:218,8
DA:219,8
DA:220,8
DA:221,8
DA:222,8
DA:223,8
DA:224,8
DA:225,8
DA:226,8
DA:227,8
DA:228,8
DA:229,8
DA:230,8
DA:231,8
DA:232,8
DA:233,8
DA:234,8
DA:235,8
DA:236,8
DA:237,8
DA:238,8
DA:239,8
DA:240,8
DA:241,8
LH:241
LF:241
end_of_record
SF:src/modules/billing/payments.ts
FN:1,__name
FN:17,createPaymentIntent
FN:21,anonymous_2
FN:21,anonymous_3
FN:22,anonymous_4
FN:26,anonymous_5
FN:68,anonymous_6
FN:92,listPaymentIntents
FN:95,confirmPaymentIntent
FN:96,anonymous_9
FNDA:27,__name
FNDA:15,createPaymentIntent
FNDA:12,anonymous_2
FNDA:31,anonymous_3
FNDA:12,anonymous_4
FNDA:11,anonymous_5
FNDA:8,anonymous_6
FNDA:4,listPaymentIntents
FNDA:6,confirmPaymentIntent
FNDA:6,anonymous_9
FNF:10
FNH:10
BRDA:1,0,0,5
BRDA:1,1,0,27
BRDA:17,2,0,15
BRDA:18,3,0,2
BRDA:20,4,0,13
BRDA:21,5,0,12
BRDA:24,6,0,1
BRDA:26,7,0,11
BRDA:63,8,0,9
BRDA:68,9,0,8
BRDA:21,10,0,31
BRDA:22,11,0,12
BRDA:26,12,0,11
BRDA:36,13,0,0
BRDA:39,14,0,3
BRDA:39,15,0,2
BRDA:40,16,0,1
BRDA:41,17,0,2
BRDA:44,18,0,8
BRDA:52,19,0,0
BRDA:58,20,0,0
BRDA:59,21,0,0
BRDA:68,22,0,8
BRDA:75,23,0,0
BRDA:92,24,0,4
BRDA:95,25,0,6
BRDA:96,26,0,6
BRDA:100,27,0,3
BRDA:105,28,0,3
BRF:29
BRH:24
DA:1,5
DA:2,27
DA:3,27
DA:4,27
DA:5,5
DA:6,5
DA:7,5
DA:8,5
DA:9,5
DA:10,5
DA:11,5
DA:12,5
DA:13,5
DA:14,5
DA:15,5
DA:16,5
DA:17,5
DA:18,15
DA:19,2
DA:20,15
DA:21,13
DA:22,12
DA:23,12
DA:24,12
DA:25,1
DA:26,12
DA:27,11
DA:28,11
DA:29,11
DA:30,11
DA:31,11
DA:32,11
DA:33,11
DA:34,11
DA:35,11
DA:36,11
DA:37,11
DA:38,11
DA:39,11
DA:40,3
DA:41,3
DA:42,2
DA:43,2
DA:44,8
DA:45,8
DA:46,8
DA:47,8
DA:48,8
DA:49,8
DA:50,8
DA:51,8
DA:52,11
DA:53,0
DA:54,0
DA:55,0
DA:56,0
DA:57,0
DA:58,11
DA:59,11
DA:60,0
DA:61,0
DA:62,0
DA:63,12
DA:64,9
DA:65,9
DA:66,9
DA:67,9
DA:68,12
DA:69,8
DA:70,8
DA:71,8
DA:72,8
DA:73,8
DA:74,8
DA:75,8
DA:76,0
DA:77,0
DA:78,0
DA:79,0
DA:80,0
DA:81,0
DA:82,0
DA:83,8
DA:84,8
DA:85,8
DA:86,8
DA:87,8
DA:88,8
DA:89,8
DA:90,5
DA:91,5
DA:92,5
DA:93,4
DA:94,5
DA:95,5
DA:96,6
DA:97,6
DA:98,6
DA:99,6
DA:100,6
DA:101,6
DA:102,6
DA:103,6
DA:104,6
DA:105,6
DA:106,3
DA:107,3
DA:108,3
DA:109,3
DA:110,3
DA:111,3
DA:112,3
DA:113,5
DA:114,5
DA:115,5
DA:116,5
DA:117,5
DA:118,5
DA:119,5
DA:120,5
DA:121,5
DA:122,5
DA:123,5
DA:124,5
DA:125,5
DA:126,5
DA:127,5
DA:128,5
DA:129,5
DA:130,5
DA:131,5
DA:132,5
DA:133,5
DA:134,5
DA:135,5
DA:136,5
DA:137,5
DA:138,5
DA:139,5
DA:140,5
DA:141,5
DA:142,5
DA:143,5
DA:144,5
DA:145,5
DA:146,5
DA:147,5
DA:148,5
DA:149,5
DA:150,5
DA:151,5
DA:152,5
DA:153,5
DA:154,5
DA:155,5
DA:156,5
DA:157,5
DA:158,5
DA:159,5
DA:160,5
DA:161,5
DA:162,5
DA:163,5
DA:164,5
DA:165,5
DA:166,5
DA:167,5
DA:168,5
DA:169,5
DA:170,5
DA:171,5
DA:172,5
DA:173,5
DA:174,5
DA:175,5
DA:176,5
DA:177,5
DA:178,5
DA:179,5
DA:180,5
DA:181,5
DA:182,5
DA:183,5
DA:184,5
DA:185,5
DA:186,5
DA:187,5
DA:188,5
DA:189,5
DA:190,5
DA:191,5
DA:192,5
DA:193,5
DA:194,5
DA:195,5
DA:196,5
DA:197,5
DA:198,5
DA:199,5
DA:200,5
DA:201,5
DA:202,5
DA:203,5
DA:204,5
DA:205,5
DA:206,5
DA:207,5
DA:208,5
DA:209,5
DA:210,5
DA:211,5
DA:212,5
DA:213,5
DA:214,5
DA:215,5
DA:216,5
DA:217,5
DA:218,5
DA:219,5
DA:220,5
DA:221,5
DA:222,5
DA:223,5
DA:224,5
DA:225,5
DA:226,5
DA:227,5
DA:228,5
DA:229,5
DA:230,5
DA:231,5
DA:232,5
DA:233,5
DA:234,5
DA:235,5
DA:236,5
DA:237,5
DA:238,5
DA:239,5
DA:240,5
DA:241,5
DA:242,5
DA:243,5
DA:244,5
DA:245,5
DA:246,5
DA:247,5
DA:248,5
DA:249,5
DA:250,5
DA:251,5
DA:252,5
DA:253,5
DA:254,5
LH:239
LF:254
end_of_record
SF:src/modules/billing/provider.ts
FN:2,__name
FN:6,anonymous_1
FN:8,providerSignal
FN:11,vettedCheckoutUrl
FN:22,anonymous_4
FN:50,anonymous_5
FN:57,setPaymentProvider
FN:59,resetPaymentProvider
FN:60,initProviderPayment
FNDA:35,__name
FNDA:3,anonymous_1
FNDA:3,providerSignal
FNDA:2,vettedCheckoutUrl
FNDA:6,anonymous_4
FNDA:0,anonymous_5
FNDA:2,setPaymentProvider
FNDA:3,resetPaymentProvider
FNDA:9,initProviderPayment
FNF:9
FNH:8
BRDA:1,0,0,5
BRDA:2,1,0,35
BRDA:6,2,0,3
BRDA:8,3,0,3
BRDA:10,4,0,0
BRDA:11,5,0,2
BRDA:13,6,0,0
BRDA:13,7,0,0
BRDA:15,8,0,0
BRDA:17,9,0,0
BRDA:18,10,0,0
BRDA:22,11,0,6
BRDA:25,12,0,3
BRDA:42,13,0,0
BRDA:45,14,0,3
BRDA:45,15,0,1
BRDA:49,16,0,2
BRDA:50,17,0,2
BRDA:51,18,0,0
BRDA:51,19,0,2
BRDA:52,20,0,0
BRDA:55,21,0,2
BRDA:57,22,0,2
BRDA:59,23,0,3
BRDA:60,24,0,9
BRF:25
BRH:16
DA:1,5
DA:2,5
DA:3,5
DA:4,5
DA:5,5
DA:6,5
DA:7,5
DA:8,5
DA:9,3
DA:10,3
DA:11,5
DA:12,2
DA:13,2
DA:14,2
DA:15,2
DA:16,2
DA:17,2
DA:18,2
DA:19,2
DA:20,5
DA:21,5
DA:22,5
DA:23,6
DA:24,6
DA:25,6
DA:26,3
DA:27,3
DA:28,3
DA:29,3
DA:30,3
DA:31,3
DA:32,3
DA:33,3
DA:34,3
DA:35,3
DA:36,3
DA:37,3
DA:38,3
DA:39,3
DA:40,3
DA:41,3
DA:42,6
DA:43,0
DA:44,0
DA:45,6
DA:46,1
DA:47,1
DA:48,1
DA:49,6
DA:50,6
DA:51,6
DA:52,6
DA:53,0
DA:54,0
DA:55,6
DA:56,5
DA:57,5
DA:58,5
DA:59,5
DA:60,5
DA:61,9
DA:62,9
DA:63,9
DA:64,5
DA:65,5
DA:66,5
DA:67,5
DA:68,5
DA:69,5
DA:70,5
DA:71,5
DA:72,5
DA:73,5
DA:74,5
DA:75,5
DA:76,5
DA:77,5
DA:78,5
DA:79,5
DA:80,5
DA:81,5
DA:82,5
DA:83,5
DA:84,5
DA:85,5
DA:86,5
DA:87,5
DA:88,5
DA:89,5
DA:90,5
DA:91,5
DA:92,5
DA:93,5
DA:94,5
DA:95,5
DA:96,5
DA:97,5
DA:98,5
DA:99,5
DA:100,5
DA:101,5
DA:102,5
DA:103,5
DA:104,5
DA:105,5
DA:106,5
DA:107,5
DA:108,5
DA:109,5
DA:110,5
DA:111,5
DA:112,5
DA:113,5
DA:114,5
DA:115,5
DA:116,5
DA:117,5
DA:118,5
DA:119,5
DA:120,5
DA:121,5
DA:122,5
DA:123,5
DA:124,5
DA:125,5
DA:126,5
DA:127,5
DA:128,5
DA:129,5
DA:130,5
DA:131,5
DA:132,5
DA:133,5
DA:134,5
DA:135,5
DA:136,5
DA:137,5
DA:138,5
DA:139,5
DA:140,5
DA:141,5
DA:142,5
DA:143,5
DA:144,5
DA:145,5
DA:146,5
DA:147,5
DA:148,5
DA:149,5
DA:150,5
DA:151,5
DA:152,5
DA:153,5
DA:154,5
DA:155,5
DA:156,5
DA:157,5
DA:158,5
DA:159,5
DA:160,5
DA:161,5
DA:162,5
DA:163,5
DA:164,5
DA:165,5
DA:166,5
DA:167,5
DA:168,5
DA:169,5
DA:170,5
LH:166
LF:170
end_of_record
SF:src/modules/billing/revenue-share.ts
FN:1,__name
FN:16,computeBilling
FN:25,periodBounds
FN:28,firmNamesById
FN:34,generateRevenueShareStatement
FNDA:20,__name
FNDA:0,computeBilling
FNDA:0,periodBounds
FNDA:0,firmNamesById
FNDA:0,generateRevenueShareStatement
FNF:5
FNH:1
BRDA:1,0,0,5
BRDA:1,1,0,20
BRF:2
BRH:2
DA:1,5
DA:2,20
DA:3,20
DA:4,20
DA:5,20
DA:6,5
DA:7,5
DA:8,5
DA:9,5
DA:10,5
DA:11,5
DA:12,5
DA:13,5
DA:14,5
DA:15,5
DA:16,5
DA:17,0
DA:18,0
DA:19,0
DA:20,0
DA:21,0
DA:22,0
DA:23,0
DA:24,5
DA:25,5
DA:26,0
DA:27,0
DA:28,5
DA:29,0
DA:30,0
DA:31,0
DA:32,0
DA:33,0
DA:34,5
DA:35,0
DA:36,0
DA:37,0
DA:38,0
DA:39,0
DA:40,0
DA:41,0
DA:42,0
DA:43,0
DA:44,0
DA:45,0
DA:46,0
DA:47,0
DA:48,0
DA:49,0
DA:50,0
DA:51,0
DA:52,0
DA:53,0
DA:54,0
DA:55,0
DA:56,0
DA:57,0
DA:58,0
DA:59,0
DA:60,0
DA:61,0
DA:62,0
DA:63,0
DA:64,0
DA:65,0
DA:66,0
DA:67,0
DA:68,0
DA:69,0
DA:70,5
DA:71,5
DA:72,5
DA:73,5
DA:74,5
DA:75,5
DA:76,5
DA:77,5
DA:78,5
DA:79,5
DA:80,5
DA:81,5
DA:82,5
DA:83,5
DA:84,5
DA:85,5
DA:86,5
DA:87,5
DA:88,5
DA:89,5
DA:90,5
DA:91,5
DA:92,5
DA:93,5
DA:94,5
DA:95,5
DA:96,5
DA:97,5
DA:98,5
DA:99,5
DA:100,5
DA:101,5
DA:102,5
DA:103,5
DA:104,5
DA:105,5
DA:106,5
DA:107,5
DA:108,5
DA:109,5
DA:110,5
DA:111,5
DA:112,5
DA:113,5
DA:114,5
DA:115,5
DA:116,5
DA:117,5
DA:118,5
DA:119,5
LH:70
LF:119
end_of_record
SF:src/modules/clerk/budget-recovery.ts
FN:3,__name
FN:13,requireOperator
FN:22,listExpiredClerkReservations
FN:45,reconcileExpiredClerkReservation
FN:33,anonymous_4
FN:56,anonymous_5
FNDA:15,__name
FNDA:11,requireOperator
FNDA:2,listExpiredClerkReservations
FNDA:9,reconcileExpiredClerkReservation
FNDA:1,anonymous_4
FNDA:7,anonymous_5
FNF:6
FNH:6
BRDA:1,0,0,5
BRDA:3,1,0,15
BRDA:13,2,0,11
BRDA:15,3,0,1
BRDA:17,4,0,10
BRDA:17,5,0,8
BRDA:18,6,0,2
BRDA:18,7,0,0
BRDA:22,8,0,2
BRDA:29,9,0,1
BRDA:30,10,0,0
BRDA:33,11,0,1
BRDA:45,12,0,9
BRDA:52,13,0,7
BRDA:54,14,0,0
BRDA:56,15,0,7
BRDA:33,16,0,1
BRDA:42,17,0,0
BRDA:56,18,0,7
BRDA:65,19,0,0
BRDA:70,20,0,1
BRDA:71,21,0,6
BRDA:71,22,0,5
BRDA:72,23,0,1
BRDA:74,24,0,5
BRDA:76,25,0,4
BRDA:78,26,0,5
BRDA:79,27,0,4
BRDA:80,28,0,1
BRDA:84,29,0,4
BRF:30
BRH:25
DA:1,5
DA:2,5
DA:3,5
DA:4,15
DA:5,15
DA:6,5
DA:7,5
DA:8,5
DA:9,5
DA:10,5
DA:11,5
DA:12,5
DA:13,5
DA:14,11
DA:15,11
DA:16,1
DA:17,11
DA:18,11
DA:19,0
DA:20,0
DA:21,5
DA:22,5
DA:23,2
DA:24,2
DA:25,2
DA:26,2
DA:27,2
DA:28,2
DA:29,2
DA:30,2
DA:31,0
DA:32,0
DA:33,2
DA:34,1
DA:35,1
DA:36,1
DA:37,1
DA:38,1
DA:39,1
DA:40,1
DA:41,1
DA:42,1
DA:43,1
DA:44,5
DA:45,5
DA:46,9
DA:47,9
DA:48,9
DA:49,9
DA:50,9
DA:51,9
DA:52,9
DA:53,7
DA:54,9
DA:55,0
DA:56,9
DA:57,7
DA:58,7
DA:59,7
DA:60,7
DA:61,7
DA:62,7
DA:63,7
DA:64,7
DA:65,7
DA:66,0
DA:67,0
DA:68,0
DA:69,7
DA:70,7
DA:71,7
DA:72,7
DA:73,1
DA:74,7
DA:75,5
DA:76,7
DA:77,7
DA:78,7
DA:79,7
DA:80,7
DA:81,1
DA:82,1
DA:83,1
DA:84,7
DA:85,4
DA:86,4
DA:87,4
DA:88,4
DA:89,4
DA:90,4
DA:91,4
DA:92,4
DA:93,4
DA:94,4
DA:95,4
DA:96,4
DA:97,4
DA:98,4
DA:99,4
DA:100,4
DA:101,4
DA:102,4
DA:103,4
DA:104,4
DA:105,4
DA:106,4
DA:107,4
DA:108,4
DA:109,4
DA:110,7
DA:111,5
DA:112,5
DA:113,5
DA:114,5
DA:115,5
DA:116,5
DA:117,5
DA:118,5
DA:119,5
DA:120,5
DA:121,5
DA:122,5
DA:123,5
DA:124,5
DA:125,5
DA:126,5
DA:127,5
DA:128,5
DA:129,5
DA:130,5
DA:131,5
DA:132,5
DA:133,5
DA:134,5
DA:135,5
DA:136,5
DA:137,5
DA:138,5
DA:139,5
DA:140,5
DA:141,5
DA:142,5
LH:134
LF:142
end_of_record
SF:src/modules/clerk/budget.ts
FN:1,__name
FN:22,anonymous_1
FN:24,utcMonthStart
FN:27,monthPace
FN:36,firmClerkUsage
FN:48,firmClerkUsageByPurpose
FN:64,budgetPace
FN:86,assertFirmClerkBudget
FN:98,clerkFirmHasActivePermit
FN:104,clerkAdmissionLimit
FN:109,busy
FN:120,budgetTransaction
FN:133,acquireFirmClerkBudgetPermit
FN:38,anonymous_13
FN:57,anonymous_14
FN:145,anonymous_15
FN:179,append
FN:186,anonymous_17
FN:226,release
FNDA:1356,__name
FNDA:73,anonymous_1
FNDA:84,utcMonthStart
FNDA:22,monthPace
FNDA:138,firmClerkUsage
FNDA:3,firmClerkUsageByPurpose
FNDA:8,budgetPace
FNDA:64,assertFirmClerkBudget
FNDA:5,clerkFirmHasActivePermit
FNDA:235,clerkAdmissionLimit
FNDA:24,busy
FNDA:402,budgetTransaction
FNDA:237,acquireFirmClerkBudgetPermit
FNDA:68,anonymous_13
FNDA:4,anonymous_14
FNDA:205,anonymous_15
FNDA:388,append
FNDA:193,anonymous_17
FNDA:197,release
FNF:19
FNH:19
BRDA:1,0,0,113
BRDA:20,1,0,0
BRDA:1,2,0,1356
BRDA:22,3,0,73
BRDA:24,4,0,84
BRDA:27,5,0,22
BRDA:36,6,0,0
BRDA:36,7,0,138
BRDA:37,8,0,68
BRDA:47,9,0,68
BRDA:47,10,0,0
BRDA:47,11,0,0
BRDA:48,12,0,3
BRDA:64,13,0,8
BRDA:70,14,0,5
BRDA:74,15,0,2
BRDA:74,16,0,4
BRDA:79,17,0,3
BRDA:80,18,0,2
BRDA:84,19,0,2
BRDA:74,20,0,1
BRDA:84,21,0,1
BRDA:86,22,0,64
BRDA:91,23,0,2
BRDA:98,24,0,5
BRDA:104,25,0,235
BRDA:108,26,0,0
BRDA:109,27,0,24
BRDA:120,28,0,402
BRDA:125,29,0,14
BRDA:126,30,0,3
BRDA:133,31,0,237
BRDA:176,32,0,7
BRDA:177,33,0,24
BRDA:137,34,0,27
BRDA:137,35,0,6
BRDA:140,36,0,25
BRDA:140,37,0,34
BRDA:141,38,0,22
BRDA:142,39,0,14
BRDA:228,40,0,6
BRDA:175,41,0,8
BRDA:38,42,0,68
BRDA:57,43,0,4
BRDA:145,44,0,205
BRDA:164,45,0,7
BRDA:169,46,0,24
BRDA:147,47,0,1
BRDA:147,48,0,9
BRDA:149,49,0,1
BRDA:150,50,0,8
BRDA:162,51,0,8
BRDA:163,52,0,8
BRDA:163,53,0,8
BRDA:161,54,0,0
BRDA:163,55,0,0
BRDA:179,56,0,194
BRDA:184,57,0,388
BRDA:179,58,0,0
BRDA:183,59,0,0
BRDA:184,60,0,0
BRDA:185,61,0,0
BRDA:186,62,0,193
BRDA:215,63,0,6
BRDA:190,64,0,0
BRDA:191,65,0,0
BRDA:192,66,0,0
BRDA:226,67,0,197
BRDA:227,68,0,1
BRDA:227,69,0,7
BRF:70
BRH:56
DA:1,113
DA:2,1356
DA:3,1356
DA:4,113
DA:5,113
DA:6,113
DA:7,113
DA:8,113
DA:9,113
DA:10,113
DA:11,113
DA:12,113
DA:13,113
DA:14,113
DA:15,113
DA:16,113
DA:17,113
DA:18,113
DA:19,113
DA:20,113
DA:21,113
DA:22,113
DA:23,113
DA:24,113
DA:25,84
DA:26,113
DA:27,113
DA:28,22
DA:29,22
DA:30,22
DA:31,22
DA:32,22
DA:33,22
DA:34,22
DA:35,22
DA:36,113
DA:37,138
DA:38,68
DA:39,68
DA:40,68
DA:41,68
DA:42,68
DA:43,68
DA:44,68
DA:45,68
DA:46,68
DA:47,138
DA:48,113
DA:49,3
DA:50,3
DA:51,3
DA:52,3
DA:53,3
DA:54,3
DA:55,3
DA:56,3
DA:57,3
DA:58,4
DA:59,4
DA:60,113
DA:61,113
DA:62,113
DA:63,113
DA:64,113
DA:65,8
DA:66,8
DA:67,8
DA:68,8
DA:69,8
DA:70,8
DA:71,5
DA:72,5
DA:73,5
DA:74,8
DA:75,1
DA:76,1
DA:77,1
DA:78,1
DA:79,1
DA:80,1
DA:81,1
DA:82,1
DA:83,1
DA:84,8
DA:85,113
DA:86,113
DA:87,64
DA:88,64
DA:89,64
DA:90,64
DA:91,64
DA:92,2
DA:93,2
DA:94,2
DA:95,2
DA:96,113
DA:97,113
DA:98,113
DA:99,5
DA:100,5
DA:101,113
DA:102,113
DA:103,113
DA:104,113
DA:105,235
DA:106,235
DA:107,235
DA:108,113
DA:109,113
DA:110,24
DA:111,24
DA:112,24
DA:113,24
DA:114,24
DA:115,24
DA:116,24
DA:117,24
DA:118,24
DA:119,24
DA:120,113
DA:121,402
DA:122,402
DA:123,402
DA:124,402
DA:125,402
DA:126,402
DA:127,3
DA:128,3
DA:129,3
DA:130,3
DA:131,402
DA:132,113
DA:133,113
DA:134,237
DA:135,237
DA:136,237
DA:137,237
DA:138,6
DA:139,6
DA:140,237
DA:141,237
DA:142,14
DA:143,14
DA:144,14
DA:145,14
DA:146,205
DA:147,205
DA:148,9
DA:149,205
DA:150,205
DA:151,8
DA:152,8
DA:153,8
DA:154,8
DA:155,8
DA:156,8
DA:157,8
DA:158,8
DA:159,8
DA:160,8
DA:161,205
DA:162,205
DA:163,205
DA:164,205
DA:165,7
DA:166,7
DA:167,7
DA:168,7
DA:169,205
DA:170,24
DA:171,24
DA:172,24
DA:173,24
DA:174,24
DA:175,237
DA:176,237
DA:177,237
DA:178,24
DA:179,24
DA:180,0
DA:181,0
DA:182,194
DA:183,194
DA:184,194
DA:185,388
DA:186,194
DA:187,193
DA:188,193
DA:189,193
DA:190,193
DA:191,193
DA:192,193
DA:193,0
DA:194,0
DA:195,0
DA:196,0
DA:197,0
DA:198,0
DA:199,0
DA:200,0
DA:201,0
DA:202,0
DA:203,0
DA:204,0
DA:205,0
DA:206,0
DA:207,0
DA:208,0
DA:209,0
DA:210,0
DA:211,0
DA:212,0
DA:213,193
DA:214,193
DA:215,193
DA:216,6
DA:217,6
DA:218,6
DA:219,6
DA:220,6
DA:221,6
DA:222,6
DA:223,6
DA:224,6
DA:225,194
DA:226,24
DA:227,197
DA:228,113
DA:229,113
DA:230,113
DA:231,113
DA:232,113
DA:233,113
DA:234,113
DA:235,113
DA:236,113
DA:237,113
DA:238,113
DA:239,113
DA:240,113
DA:241,113
DA:242,113
DA:243,113
DA:244,113
DA:245,113
DA:246,113
DA:247,113
DA:248,113
DA:249,113
DA:250,113
DA:251,113
DA:252,113
DA:253,113
DA:254,113
DA:255,113
DA:256,113
DA:257,113
DA:258,113
DA:259,113
DA:260,113
DA:261,113
DA:262,113
DA:263,113
DA:264,113
DA:265,113
DA:266,113
DA:267,113
DA:268,113
DA:269,113
DA:270,113
DA:271,113
DA:272,113
DA:273,113
DA:274,113
DA:275,113
DA:276,113
DA:277,113
DA:278,113
DA:279,113
DA:280,113
DA:281,113
DA:282,113
DA:283,113
DA:284,113
DA:285,113
DA:286,113
DA:287,113
DA:288,113
DA:289,113
DA:290,113
DA:291,113
DA:292,113
DA:293,113
DA:294,113
DA:295,113
DA:296,113
DA:297,113
DA:298,113
DA:299,113
DA:300,113
DA:301,113
DA:302,113
DA:303,113
DA:304,113
DA:305,113
DA:306,113
DA:307,113
DA:308,113
DA:309,113
DA:310,113
DA:311,113
DA:312,113
DA:313,113
DA:314,113
DA:315,113
DA:316,113
DA:317,113
DA:318,113
DA:319,113
DA:320,113
DA:321,113
DA:322,113
DA:323,113
DA:324,113
DA:325,113
DA:326,113
DA:327,113
DA:328,113
DA:329,113
DA:330,113
DA:331,113
DA:332,113
DA:333,113
DA:334,113
DA:335,113
DA:336,113
DA:337,113
DA:338,113
DA:339,113
DA:340,113
DA:341,113
DA:342,113
DA:343,113
DA:344,113
DA:345,113
DA:346,113
DA:347,113
DA:348,113
DA:349,113
DA:350,113
DA:351,113
DA:352,113
DA:353,113
DA:354,113
DA:355,113
DA:356,113
DA:357,113
DA:358,113
DA:359,113
DA:360,113
DA:361,113
DA:362,113
DA:363,113
DA:364,113
DA:365,113
DA:366,113
DA:367,113
DA:368,113
DA:369,113
DA:370,113
DA:371,113
DA:372,113
DA:373,113
DA:374,113
DA:375,113
DA:376,113
DA:377,113
DA:378,113
DA:379,113
DA:380,113
DA:381,113
DA:382,113
DA:383,113
DA:384,113
LH:362
LF:384
end_of_record
SF:src/modules/clerk/budget.ts
FN:1,__name
FN:22,anonymous_1
FN:24,utcMonthStart
FN:27,monthPace
FN:36,firmClerkUsage
FN:48,firmClerkUsageByPurpose
FN:64,budgetPace
FN:86,assertFirmClerkBudget
FN:98,clerkFirmHasActivePermit
FN:104,clerkAdmissionLimit
FN:109,busy
FN:120,budgetTransaction
FN:133,acquireFirmClerkBudgetPermit
FN:145,anonymous_13
FN:179,append
FN:186,anonymous_15
FN:226,release
FNDA:12,__name
FNDA:0,anonymous_1
FNDA:0,utcMonthStart
FNDA:0,monthPace
FNDA:0,firmClerkUsage
FNDA:0,firmClerkUsageByPurpose
FNDA:0,budgetPace
FNDA:0,assertFirmClerkBudget
FNDA:0,clerkFirmHasActivePermit
FNDA:2,clerkAdmissionLimit
FNDA:0,busy
FNDA:4,budgetTransaction
FNDA:2,acquireFirmClerkBudgetPermit
FNDA:2,anonymous_13
FNDA:8,append
FNDA:2,anonymous_15
FNDA:2,release
FNF:17
FNH:8
BRDA:1,0,0,1
BRDA:20,1,0,0
BRDA:1,2,0,12
BRDA:104,3,0,2
BRDA:108,4,0,0
BRDA:120,5,0,4
BRDA:126,6,0,0
BRDA:133,7,0,2
BRDA:137,8,0,0
BRDA:141,9,0,0
BRDA:176,10,0,0
BRDA:228,11,0,0
BRDA:145,12,0,2
BRDA:147,13,0,0
BRDA:149,14,0,0
BRDA:161,15,0,0
BRDA:163,16,0,0
BRDA:164,17,0,0
BRDA:179,18,0,4
BRDA:179,19,0,0
BRDA:183,20,0,0
BRDA:184,21,0,0
BRDA:184,22,0,0
BRDA:184,23,0,8
BRDA:185,24,0,0
BRDA:186,25,0,2
BRDA:190,26,0,0
BRDA:191,27,0,0
BRDA:206,28,0,0
BRDA:206,29,0,0
BRDA:208,30,0,0
BRDA:211,31,0,0
BRDA:212,32,0,0
BRDA:226,33,0,2
BRDA:227,34,0,0
BRF:35
BRH:10
DA:1,1
DA:2,12
DA:3,12
DA:4,1
DA:5,1
DA:6,1
DA:7,1
DA:8,1
DA:9,1
DA:10,1
DA:11,1
DA:12,1
DA:13,1
DA:14,1
DA:15,1
DA:16,1
DA:17,1
DA:18,1
DA:19,1
DA:20,1
DA:21,1
DA:22,1
DA:23,1
DA:24,1
DA:25,0
DA:26,1
DA:27,1
DA:28,0
DA:29,0
DA:30,0
DA:31,0
DA:32,0
DA:33,0
DA:34,0
DA:35,0
DA:36,1
DA:37,0
DA:38,0
DA:39,0
DA:40,0
DA:41,0
DA:42,0
DA:43,0
DA:44,0
DA:45,0
DA:46,0
DA:47,0
DA:48,1
DA:49,0
DA:50,0
DA:51,0
DA:52,0
DA:53,0
DA:54,0
DA:55,0
DA:56,0
DA:57,0
DA:58,0
DA:59,0
DA:60,1
DA:61,1
DA:62,1
DA:63,1
DA:64,1
DA:65,0
DA:66,0
DA:67,0
DA:68,0
DA:69,0
DA:70,0
DA:71,0
DA:72,0
DA:73,0
DA:74,0
DA:75,0
DA:76,0
DA:77,0
DA:78,0
DA:79,0
DA:80,0
DA:81,0
DA:82,0
DA:83,0
DA:84,0
DA:85,1
DA:86,1
DA:87,0
DA:88,0
DA:89,0
DA:90,0
DA:91,0
DA:92,0
DA:93,0
DA:94,0
DA:95,0
DA:96,1
DA:97,1
DA:98,1
DA:99,0
DA:100,0
DA:101,1
DA:102,1
DA:103,1
DA:104,1
DA:105,2
DA:106,2
DA:107,2
DA:108,1
DA:109,1
DA:110,0
DA:111,0
DA:112,0
DA:113,0
DA:114,0
DA:115,0
DA:116,0
DA:117,0
DA:118,0
DA:119,0
DA:120,1
DA:121,4
DA:122,4
DA:123,4
DA:124,4
DA:125,4
DA:126,4
DA:127,0
DA:128,0
DA:129,0
DA:130,0
DA:131,4
DA:132,1
DA:133,1
DA:134,2
DA:135,2
DA:136,2
DA:137,2
DA:138,0
DA:139,0
DA:140,2
DA:141,2
DA:142,2
DA:143,2
DA:144,2
DA:145,2
DA:146,2
DA:147,2
DA:148,2
DA:149,2
DA:150,2
DA:151,2
DA:152,2
DA:153,2
DA:154,2
DA:155,2
DA:156,2
DA:157,2
DA:158,2
DA:159,2
DA:160,2
DA:161,2
DA:162,2
DA:163,2
DA:164,2
DA:165,0
DA:166,0
DA:167,0
DA:168,0
DA:169,2
DA:170,2
DA:171,2
DA:172,2
DA:173,2
DA:174,2
DA:175,2
DA:176,2
DA:177,2
DA:178,2
DA:179,2
DA:180,0
DA:181,0
DA:182,4
DA:183,4
DA:184,4
DA:185,8
DA:186,4
DA:187,2
DA:188,2
DA:189,2
DA:190,2
DA:191,2
DA:192,2
DA:193,2
DA:194,2
DA:195,2
DA:196,2
DA:197,2
DA:198,2
DA:199,2
DA:200,2
DA:201,2
DA:202,2
DA:203,2
DA:204,2
DA:205,2
DA:206,2
DA:207,2
DA:208,2
DA:209,2
DA:210,2
DA:211,2
DA:212,2
DA:213,2
DA:214,2
DA:215,2
DA:216,2
DA:217,2
DA:218,2
DA:219,2
DA:220,2
DA:221,2
DA:222,2
DA:223,2
DA:224,2
DA:225,4
DA:226,2
DA:227,2
DA:228,1
DA:229,1
DA:230,1
DA:231,1
DA:232,1
DA:233,1
DA:234,1
DA:235,1
DA:236,1
DA:237,1
DA:238,1
DA:239,1
DA:240,1
DA:241,1
DA:242,1
DA:243,1
DA:244,1
DA:245,1
DA:246,1
DA:247,1
DA:248,1
DA:249,1
DA:250,1
DA:251,1
DA:252,1
DA:253,1
DA:254,1
DA:255,1
DA:256,1
DA:257,1
DA:258,1
DA:259,1
DA:260,1
DA:261,1
DA:262,1
DA:263,1
DA:264,1
DA:265,1
DA:266,1
DA:267,1
DA:268,1
DA:269,1
DA:270,1
DA:271,1
DA:272,1
DA:273,1
DA:274,1
DA:275,1
DA:276,1
DA:277,1
DA:278,1
DA:279,1
DA:280,1
DA:281,1
DA:282,1
DA:283,1
DA:284,1
DA:285,1
DA:286,1
DA:287,1
DA:288,1
DA:289,1
DA:290,1
DA:291,1
DA:292,1
DA:293,1
DA:294,1
DA:295,1
DA:296,1
DA:297,1
DA:298,1
DA:299,1
DA:300,1
DA:301,1
DA:302,1
DA:303,1
DA:304,1
DA:305,1
DA:306,1
DA:307,1
DA:308,1
DA:309,1
DA:310,1
DA:311,1
DA:312,1
DA:313,1
DA:314,1
DA:315,1
DA:316,1
DA:317,1
DA:318,1
DA:319,1
DA:320,1
DA:321,1
DA:322,1
DA:323,1
DA:324,1
DA:325,1
DA:326,1
DA:327,1
DA:328,1
DA:329,1
DA:330,1
DA:331,1
DA:332,1
DA:333,1
DA:334,1
DA:335,1
DA:336,1
DA:337,1
DA:338,1
DA:339,1
DA:340,1
DA:341,1
DA:342,1
DA:343,1
DA:344,1
DA:345,1
DA:346,1
DA:347,1
DA:348,1
DA:349,1
DA:350,1
DA:351,1
DA:352,1
DA:353,1
DA:354,1
DA:355,1
DA:356,1
DA:357,1
DA:358,1
DA:359,1
DA:360,1
DA:361,1
DA:362,1
DA:363,1
DA:364,1
DA:365,1
DA:366,1
DA:367,1
DA:368,1
DA:369,1
DA:370,1
DA:371,1
DA:372,1
DA:373,1
DA:374,1
DA:375,1
DA:376,1
DA:377,1
DA:378,1
DA:379,1
DA:380,1
DA:381,1
DA:382,1
DA:383,1
DA:384,1
LH:300
LF:384
end_of_record
SF:src/modules/clerk/budget.ts
FN:1,__name
FN:22,anonymous_1
FN:24,utcMonthStart
FN:27,monthPace
FN:36,firmClerkUsage
FN:48,firmClerkUsageByPurpose
FN:64,budgetPace
FN:86,assertFirmClerkBudget
FN:98,clerkFirmHasActivePermit
FN:104,clerkAdmissionLimit
FN:109,busy
FN:120,budgetTransaction
FN:133,acquireFirmClerkBudgetPermit
FN:145,anonymous_13
FN:179,append
FN:226,release
FNDA:12,__name
FNDA:0,anonymous_1
FNDA:0,utcMonthStart
FNDA:0,monthPace
FNDA:0,firmClerkUsage
FNDA:0,firmClerkUsageByPurpose
FNDA:0,budgetPace
FNDA:0,assertFirmClerkBudget
FNDA:0,clerkFirmHasActivePermit
FNDA:1,clerkAdmissionLimit
FNDA:1,busy
FNDA:1,budgetTransaction
FNDA:1,acquireFirmClerkBudgetPermit
FNDA:1,anonymous_13
FNDA:0,append
FNDA:0,release
FNF:16
FNH:6
BRDA:1,0,0,1
BRDA:20,1,0,0
BRDA:1,2,0,12
BRDA:104,3,0,1
BRDA:108,4,0,0
BRDA:109,5,0,1
BRDA:120,6,0,1
BRDA:125,7,0,0
BRDA:128,8,0,0
BRDA:133,9,0,1
BRDA:137,10,0,0
BRDA:141,11,0,0
BRDA:175,12,0,0
BRDA:145,13,0,1
BRDA:147,14,0,0
BRDA:150,15,0,0
BRDA:163,16,0,0
BRDA:163,17,0,0
BRDA:164,18,0,0
BRF:19
BRH:7
DA:1,1
DA:2,12
DA:3,12
DA:4,1
DA:5,1
DA:6,1
DA:7,1
DA:8,1
DA:9,1
DA:10,1
DA:11,1
DA:12,1
DA:13,1
DA:14,1
DA:15,1
DA:16,1
DA:17,1
DA:18,1
DA:19,1
DA:20,1
DA:21,1
DA:22,1
DA:23,1
DA:24,1
DA:25,0
DA:26,1
DA:27,1
DA:28,0
DA:29,0
DA:30,0
DA:31,0
DA:32,0
DA:33,0
DA:34,0
DA:35,0
DA:36,1
DA:37,0
DA:38,0
DA:39,0
DA:40,0
DA:41,0
DA:42,0
DA:43,0
DA:44,0
DA:45,0
DA:46,0
DA:47,0
DA:48,1
DA:49,0
DA:50,0
DA:51,0
DA:52,0
DA:53,0
DA:54,0
DA:55,0
DA:56,0
DA:57,0
DA:58,0
DA:59,0
DA:60,1
DA:61,1
DA:62,1
DA:63,1
DA:64,1
DA:65,0
DA:66,0
DA:67,0
DA:68,0
DA:69,0
DA:70,0
DA:71,0
DA:72,0
DA:73,0
DA:74,0
DA:75,0
DA:76,0
DA:77,0
DA:78,0
DA:79,0
DA:80,0
DA:81,0
DA:82,0
DA:83,0
DA:84,0
DA:85,1
DA:86,1
DA:87,0
DA:88,0
DA:89,0
DA:90,0
DA:91,0
DA:92,0
DA:93,0
DA:94,0
DA:95,0
DA:96,1
DA:97,1
DA:98,1
DA:99,0
DA:100,0
DA:101,1
DA:102,1
DA:103,1
DA:104,1
DA:105,1
DA:106,1
DA:107,1
DA:108,1
DA:109,1
DA:110,1
DA:111,1
DA:112,1
DA:113,1
DA:114,1
DA:115,1
DA:116,1
DA:117,1
DA:118,1
DA:119,1
DA:120,1
DA:121,1
DA:122,1
DA:123,1
DA:124,1
DA:125,1
DA:126,1
DA:127,1
DA:128,1
DA:129,0
DA:130,0
DA:131,1
DA:132,1
DA:133,1
DA:134,1
DA:135,1
DA:136,1
DA:137,1
DA:138,0
DA:139,0
DA:140,1
DA:141,1
DA:142,1
DA:143,1
DA:144,1
DA:145,1
DA:146,1
DA:147,1
DA:148,1
DA:149,1
DA:150,1
DA:151,0
DA:152,0
DA:153,0
DA:154,0
DA:155,0
DA:156,0
DA:157,0
DA:158,0
DA:159,0
DA:160,0
DA:161,0
DA:162,1
DA:163,1
DA:164,1
DA:165,0
DA:166,0
DA:167,0
DA:168,0
DA:169,0
DA:170,0
DA:171,0
DA:172,0
DA:173,0
DA:174,0
DA:175,1
DA:176,0
DA:177,0
DA:178,0
DA:179,0
DA:180,0
DA:181,0
DA:182,0
DA:183,0
DA:184,0
DA:185,0
DA:186,0
DA:187,0
DA:188,0
DA:189,0
DA:190,0
DA:191,0
DA:192,0
DA:193,0
DA:194,0
DA:195,0
DA:196,0
DA:197,0
DA:198,0
DA:199,0
DA:200,0
DA:201,0
DA:202,0
DA:203,0
DA:204,0
DA:205,0
DA:206,0
DA:207,0
DA:208,0
DA:209,0
DA:210,0
DA:211,0
DA:212,0
DA:213,0
DA:214,0
DA:215,0
DA:216,0
DA:217,0
DA:218,0
DA:219,0
DA:220,0
DA:221,0
DA:222,0
DA:223,0
DA:224,0
DA:225,0
DA:226,0
DA:227,0
DA:228,1
DA:229,1
DA:230,1
DA:231,1
DA:232,1
DA:233,1
DA:234,1
DA:235,1
DA:236,1
DA:237,1
DA:238,1
DA:239,1
DA:240,1
DA:241,1
DA:242,1
DA:243,1
DA:244,1
DA:245,1
DA:246,1
DA:247,1
DA:248,1
DA:249,1
DA:250,1
DA:251,1
DA:252,1
DA:253,1
DA:254,1
DA:255,1
DA:256,1
DA:257,1
DA:258,1
DA:259,1
DA:260,1
DA:261,1
DA:262,1
DA:263,1
DA:264,1
DA:265,1
DA:266,1
DA:267,1
DA:268,1
DA:269,1
DA:270,1
DA:271,1
DA:272,1
DA:273,1
DA:274,1
DA:275,1
DA:276,1
DA:277,1
DA:278,1
DA:279,1
DA:280,1
DA:281,1
DA:282,1
DA:283,1
DA:284,1
DA:285,1
DA:286,1
DA:287,1
DA:288,1
DA:289,1
DA:290,1
DA:291,1
DA:292,1
DA:293,1
DA:294,1
DA:295,1
DA:296,1
DA:297,1
DA:298,1
DA:299,1
DA:300,1
DA:301,1
DA:302,1
DA:303,1
DA:304,1
DA:305,1
DA:306,1
DA:307,1
DA:308,1
DA:309,1
DA:310,1
DA:311,1
DA:312,1
DA:313,1
DA:314,1
DA:315,1
DA:316,1
DA:317,1
DA:318,1
DA:319,1
DA:320,1
DA:321,1
DA:322,1
DA:323,1
DA:324,1
DA:325,1
DA:326,1
DA:327,1
DA:328,1
DA:329,1
DA:330,1
DA:331,1
DA:332,1
DA:333,1
DA:334,1
DA:335,1
DA:336,1
DA:337,1
DA:338,1
DA:339,1
DA:340,1
DA:341,1
DA:342,1
DA:343,1
DA:344,1
DA:345,1
DA:346,1
DA:347,1
DA:348,1
DA:349,1
DA:350,1
DA:351,1
DA:352,1
DA:353,1
DA:354,1
DA:355,1
DA:356,1
DA:357,1
DA:358,1
DA:359,1
DA:360,1
DA:361,1
DA:362,1
DA:363,1
DA:364,1
DA:365,1
DA:366,1
DA:367,1
DA:368,1
DA:369,1
DA:370,1
DA:371,1
DA:372,1
DA:373,1
DA:374,1
DA:375,1
DA:376,1
DA:377,1
DA:378,1
DA:379,1
DA:380,1
DA:381,1
DA:382,1
DA:383,1
DA:384,1
LH:245
LF:384
end_of_record
SF:src/modules/clerk/gateway.ts
FN:2,__name
FN:9,sha256
FN:10,recordExternalCall
FN:20,estimatedTokens
FN:22,userContentChars
FN:25,ledgerAppender
FN:30,assertClerkEnabled
FN:35,createGateway
FN:99,inferPhrasing
FN:104,embedWithLedger
FN:23,anonymous_10
FN:27,anonymous_11
FN:39,infer
FN:106,anonymous_13
FN:120,anonymous_14
FN:122,anonymous_15
FNDA:927,__name
FNDA:1281,sha256
FNDA:7,recordExternalCall
FNDA:2207,estimatedTokens
FNDA:1102,userContentChars
FNDA:1117,ledgerAppender
FNDA:1379,assertClerkEnabled
FNDA:276,createGateway
FNDA:66,inferPhrasing
FNDA:21,embedWithLedger
FNDA:84,anonymous_10
FNDA:1117,anonymous_11
FNDA:1103,infer
FNDA:50,anonymous_13
FNDA:48,anonymous_14
FNDA:72192,anonymous_15
FNF:16
FNH:16
BRDA:1,0,0,103
BRDA:2,1,0,927
BRDA:9,2,0,1281
BRDA:10,3,0,7
BRDA:14,4,0,4
BRDA:14,5,0,2
BRDA:16,6,0,2
BRDA:16,7,0,4
BRDA:14,8,0,0
BRDA:17,9,0,0
BRDA:17,10,0,0
BRDA:20,11,0,2207
BRDA:22,12,0,1102
BRDA:23,13,0,246
BRDA:23,14,0,33
BRDA:25,15,0,1117
BRDA:30,16,0,1379
BRDA:31,17,0,6
BRDA:35,18,0,276
BRDA:99,19,0,66
BRDA:101,20,0,1
BRDA:102,21,0,3
BRDA:100,22,0,8
BRDA:101,23,0,27
BRDA:101,24,0,19
BRDA:102,25,0,10
BRDA:100,26,0,11
BRDA:101,27,0,5
BRDA:101,28,0,5
BRDA:104,29,0,21
BRDA:109,30,0,2
BRDA:111,31,0,5
BRDA:116,32,0,5
BRDA:120,33,0,5
BRDA:122,34,0,1
BRDA:128,35,0,4
BRDA:136,36,0,5
BRDA:118,37,0,0
BRDA:132,38,0,0
BRDA:23,39,0,84
BRDA:24,40,0,9
BRDA:24,41,0,19
BRDA:24,42,0,28
BRDA:27,43,0,1117
BRDA:27,44,0,35
BRDA:28,45,0,30
BRDA:39,46,0,1103
BRDA:83,47,0,85
BRDA:89,48,0,316
BRDA:95,49,0,666
BRDA:54,50,0,45
BRDA:90,51,0,32
BRDA:66,52,0,7
BRDA:71,53,0,2
BRDA:75,54,0,11
BRDA:83,55,0,92
BRDA:66,56,0,85
BRDA:83,57,0,5
BRDA:49,58,0,4
BRDA:53,59,0,7
BRDA:97,60,0,17
BRDA:53,61,0,14
BRDA:95,62,0,4
BRDA:69,63,0,5
BRDA:40,64,0,10
BRDA:48,65,0,33
BRDA:54,66,0,33
BRDA:47,67,0,32
BRDA:48,68,0,32
BRDA:98,69,0,32
BRDA:106,70,0,50
BRDA:120,71,0,48
BRDA:121,72,0,7
BRDA:122,73,0,72192
BRF:74
BRH:69
DA:1,103
DA:2,103
DA:3,103
DA:4,103
DA:5,103
DA:6,103
DA:7,103
DA:8,103
DA:9,103
DA:10,103
DA:11,7
DA:12,7
DA:13,7
DA:14,7
DA:15,7
DA:16,7
DA:17,7
DA:18,7
DA:19,7
DA:20,103
DA:21,103
DA:22,103
DA:23,1102
DA:24,103
DA:25,103
DA:26,1117
DA:27,1117
DA:28,1117
DA:29,30
DA:30,103
DA:31,1379
DA:32,6
DA:33,6
DA:34,6
DA:35,103
DA:36,276
DA:37,276
DA:38,276
DA:39,276
DA:40,1103
DA:41,10
DA:42,10
DA:43,10
DA:44,10
DA:45,10
DA:46,10
DA:47,1103
DA:48,1103
DA:49,1103
DA:50,4
DA:51,4
DA:52,4
DA:53,1103
DA:54,1103
DA:55,1103
DA:56,1103
DA:57,1103
DA:58,1103
DA:59,1103
DA:60,1103
DA:61,1103
DA:62,1103
DA:63,1103
DA:64,1103
DA:65,1103
DA:66,1103
DA:67,85
DA:68,85
DA:69,85
DA:70,5
DA:71,1103
DA:72,2
DA:73,2
DA:74,2
DA:75,1103
DA:76,11
DA:77,11
DA:78,11
DA:79,11
DA:80,11
DA:81,11
DA:82,11
DA:83,1103
DA:84,5
DA:85,5
DA:86,5
DA:87,5
DA:88,5
DA:89,5
DA:90,1103
DA:91,32
DA:92,32
DA:93,32
DA:94,32
DA:95,1103
DA:96,4
DA:97,4
DA:98,4
DA:99,103
DA:100,66
DA:101,66
DA:102,66
DA:103,103
DA:104,103
DA:105,21
DA:106,21
DA:107,21
DA:108,21
DA:109,21
DA:110,2
DA:111,21
DA:112,5
DA:113,21
DA:114,21
DA:115,21
DA:116,21
DA:117,5
DA:118,21
DA:119,21
DA:120,21
DA:121,48
DA:122,21
DA:123,1
DA:124,1
DA:125,1
DA:126,1
DA:127,1
DA:128,21
DA:129,4
DA:130,4
DA:131,4
DA:132,21
DA:133,0
DA:134,0
DA:135,0
DA:136,21
DA:137,103
DA:138,103
DA:139,103
DA:140,103
DA:141,103
DA:142,103
DA:143,103
DA:144,103
DA:145,103
DA:146,103
DA:147,103
DA:148,103
DA:149,103
DA:150,103
DA:151,103
DA:152,103
DA:153,103
DA:154,103
DA:155,103
DA:156,103
DA:157,103
DA:158,103
DA:159,103
DA:160,103
DA:161,103
DA:162,103
DA:163,103
DA:164,103
DA:165,103
DA:166,103
DA:167,103
DA:168,103
DA:169,103
DA:170,103
DA:171,103
DA:172,103
DA:173,103
DA:174,103
DA:175,103
DA:176,103
DA:177,103
DA:178,103
DA:179,103
DA:180,103
DA:181,103
DA:182,103
DA:183,103
DA:184,103
DA:185,103
DA:186,103
DA:187,103
DA:188,103
DA:189,103
DA:190,103
DA:191,103
DA:192,103
DA:193,103
DA:194,103
DA:195,103
DA:196,103
DA:197,103
DA:198,103
DA:199,103
DA:200,103
DA:201,103
DA:202,103
DA:203,103
DA:204,103
DA:205,103
DA:206,103
DA:207,103
DA:208,103
DA:209,103
DA:210,103
DA:211,103
DA:212,103
DA:213,103
DA:214,103
DA:215,103
DA:216,103
DA:217,103
DA:218,103
DA:219,103
DA:220,103
DA:221,103
DA:222,103
DA:223,103
DA:224,103
DA:225,103
DA:226,103
DA:227,103
DA:228,103
DA:229,103
DA:230,103
DA:231,103
DA:232,103
DA:233,103
DA:234,103
DA:235,103
DA:236,103
DA:237,103
DA:238,103
DA:239,103
DA:240,103
DA:241,103
DA:242,103
DA:243,103
DA:244,103
DA:245,103
DA:246,103
DA:247,103
DA:248,103
DA:249,103
DA:250,103
DA:251,103
DA:252,103
DA:253,103
DA:254,103
DA:255,103
DA:256,103
DA:257,103
DA:258,103
DA:259,103
DA:260,103
DA:261,103
DA:262,103
DA:263,103
DA:264,103
DA:265,103
DA:266,103
DA:267,103
DA:268,103
DA:269,103
DA:270,103
DA:271,103
DA:272,103
DA:273,103
DA:274,103
DA:275,103
DA:276,103
DA:277,103
DA:278,103
DA:279,103
DA:280,103
DA:281,103
DA:282,103
DA:283,103
DA:284,103
DA:285,103
DA:286,103
DA:287,103
DA:288,103
DA:289,103
DA:290,103
DA:291,103
DA:292,103
DA:293,103
DA:294,103
DA:295,103
DA:296,103
DA:297,103
DA:298,103
DA:299,103
DA:300,103
DA:301,103
DA:302,103
DA:303,103
DA:304,103
DA:305,103
DA:306,103
DA:307,103
DA:308,103
DA:309,103
DA:310,103
DA:311,103
DA:312,103
DA:313,103
DA:314,103
DA:315,103
DA:316,103
DA:317,103
DA:318,103
DA:319,103
DA:320,103
DA:321,103
DA:322,103
DA:323,103
DA:324,103
DA:325,103
DA:326,103
DA:327,103
DA:328,103
DA:329,103
DA:330,103
DA:331,103
DA:332,103
DA:333,103
DA:334,103
DA:335,103
DA:336,103
DA:337,103
DA:338,103
DA:339,103
DA:340,103
DA:341,103
DA:342,103
DA:343,103
DA:344,103
DA:345,103
DA:346,103
DA:347,103
DA:348,103
DA:349,103
DA:350,103
DA:351,103
DA:352,103
DA:353,103
DA:354,103
DA:355,103
DA:356,103
DA:357,103
DA:358,103
DA:359,103
DA:360,103
DA:361,103
DA:362,103
DA:363,103
DA:364,103
DA:365,103
DA:366,103
DA:367,103
DA:368,103
DA:369,103
DA:370,103
DA:371,103
DA:372,103
DA:373,103
DA:374,103
DA:375,103
DA:376,103
DA:377,103
DA:378,103
DA:379,103
DA:380,103
DA:381,103
DA:382,103
DA:383,103
DA:384,103
DA:385,103
DA:386,103
DA:387,103
DA:388,103
DA:389,103
DA:390,103
DA:391,103
DA:392,103
DA:393,103
DA:394,103
DA:395,103
DA:396,103
DA:397,103
DA:398,103
DA:399,103
DA:400,103
DA:401,103
DA:402,103
DA:403,103
DA:404,103
DA:405,103
DA:406,103
DA:407,103
DA:408,103
DA:409,103
DA:410,103
DA:411,103
DA:412,103
DA:413,103
DA:414,103
DA:415,103
DA:416,103
DA:417,103
DA:418,103
DA:419,103
DA:420,103
DA:421,103
DA:422,103
DA:423,103
DA:424,103
DA:425,103
DA:426,103
DA:427,103
DA:428,103
DA:429,103
DA:430,103
DA:431,103
DA:432,103
DA:433,103
DA:434,103
DA:435,103
DA:436,103
DA:437,103
DA:438,103
DA:439,103
DA:440,103
DA:441,103
DA:442,103
DA:443,103
DA:444,103
DA:445,103
DA:446,103
DA:447,103
DA:448,103
DA:449,103
DA:450,103
DA:451,103
DA:452,103
DA:453,103
DA:454,103
[...]
DA:1082,78
DA:1083,78
DA:1084,78
DA:1085,78
DA:1086,78
DA:1087,78
DA:1088,78
DA:1089,78
DA:1090,78
DA:1091,78
DA:1092,78
DA:1093,78
DA:1094,78
DA:1095,78
DA:1096,78
DA:1097,78
DA:1098,78
DA:1099,78
DA:1100,78
DA:1101,78
DA:1102,78
DA:1103,78
DA:1104,78
DA:1105,78
DA:1106,78
DA:1107,78
DA:1108,78
DA:1109,78
DA:1110,78
DA:1111,78
DA:1112,78
DA:1113,78
DA:1114,78
DA:1115,78
DA:1116,78
DA:1117,78
DA:1118,78
DA:1119,78
DA:1120,78
DA:1121,78
DA:1122,78
DA:1123,78
DA:1124,78
DA:1125,78
DA:1126,78
DA:1127,78
DA:1128,78
DA:1129,78
DA:1130,78
DA:1131,78
DA:1132,78
DA:1133,78
DA:1134,78
DA:1135,78
DA:1136,78
DA:1137,78
DA:1138,78
DA:1139,78
DA:1140,78
DA:1141,78
DA:1142,78
DA:1143,78
DA:1144,78
DA:1145,78
DA:1146,78
DA:1147,78
DA:1148,78
DA:1149,78
DA:1150,78
DA:1151,78
DA:1152,78
DA:1153,78
DA:1154,78
DA:1155,78
DA:1156,78
DA:1157,78
DA:1158,78
DA:1159,78
DA:1160,78
DA:1161,78
DA:1162,78
DA:1163,78
DA:1164,78
DA:1165,78
DA:1166,78
DA:1167,78
DA:1168,78
DA:1169,78
DA:1170,78
DA:1171,78
DA:1172,78
DA:1173,78
DA:1174,78
DA:1175,78
DA:1176,78
DA:1177,78
DA:1178,78
DA:1179,78
DA:1180,78
DA:1181,78
DA:1182,78
DA:1183,78
DA:1184,78
DA:1185,78
DA:1186,78
DA:1187,78
DA:1188,78
DA:1189,78
DA:1190,78
DA:1191,78
DA:1192,78
DA:1193,78
DA:1194,78
DA:1195,78
DA:1196,78
DA:1197,78
DA:1198,78
DA:1199,78
DA:1200,78
DA:1201,78
DA:1202,78
DA:1203,78
DA:1204,78
DA:1205,78
DA:1206,78
DA:1207,78
DA:1208,78
DA:1209,78
DA:1210,78
DA:1211,78
DA:1212,78
DA:1213,78
DA:1214,78
DA:1215,78
DA:1216,78
DA:1217,78
DA:1218,78
DA:1219,78
DA:1220,78
DA:1221,78
DA:1222,78
DA:1223,78
DA:1224,78
DA:1225,78
DA:1226,78
DA:1227,78
DA:1228,78
DA:1229,78
DA:1230,78
DA:1231,78
DA:1232,78
DA:1233,78
DA:1234,78
DA:1235,78
DA:1236,78
DA:1237,78
DA:1238,78
DA:1239,78
DA:1240,78
DA:1241,78
DA:1242,78
DA:1243,78
DA:1244,78
DA:1245,78
DA:1246,78
DA:1247,78
DA:1248,78
DA:1249,78
DA:1250,78
DA:1251,78
DA:1252,78
DA:1253,78
DA:1254,78
DA:1255,78
DA:1256,78
DA:1257,78
DA:1258,78
DA:1259,78
DA:1260,78
DA:1261,78
DA:1262,78
DA:1263,78
DA:1264,78
DA:1265,78
DA:1266,78
DA:1267,78
DA:1268,78
DA:1269,78
DA:1270,78
DA:1271,78
DA:1272,78
DA:1273,78
DA:1274,78
DA:1275,78
DA:1276,78
DA:1277,78
DA:1278,78
DA:1279,78
DA:1280,78
DA:1281,78
DA:1282,78
DA:1283,78
DA:1284,78
DA:1285,78
DA:1286,78
DA:1287,78
DA:1288,78
DA:1289,78
DA:1290,78
DA:1291,78
DA:1292,78
DA:1293,78
DA:1294,78
DA:1295,78
DA:1296,78
DA:1297,78
DA:1298,78
DA:1299,78
DA:1300,78
DA:1301,78
DA:1302,78
DA:1303,78
DA:1304,78
DA:1305,78
DA:1306,78
DA:1307,78
DA:1308,78
DA:1309,78
DA:1310,78
DA:1311,78
DA:1312,78
DA:1313,78
DA:1314,78
DA:1315,78
DA:1316,78
DA:1317,78
DA:1318,78
DA:1319,78
DA:1320,78
DA:1321,78
DA:1322,78
DA:1323,78
DA:1324,78
DA:1325,78
DA:1326,78
DA:1327,78
DA:1328,78
DA:1329,78
DA:1330,78
DA:1331,78
DA:1332,78
DA:1333,78
DA:1334,78
DA:1335,78
DA:1336,78
DA:1337,78
DA:1338,78
DA:1339,78
DA:1340,78
DA:1341,78
DA:1342,78
DA:1343,78
DA:1344,78
DA:1345,78
DA:1346,78
DA:1347,78
DA:1348,78
DA:1349,78
DA:1350,78
DA:1351,78
DA:1352,78
DA:1353,78
DA:1354,78
DA:1355,78
DA:1356,78
DA:1357,78
DA:1358,78
DA:1359,78
DA:1360,78
DA:1361,78
DA:1362,78
DA:1363,78
DA:1364,78
DA:1365,78
DA:1366,78
DA:1367,78
DA:1368,78
DA:1369,78
DA:1370,78
DA:1371,78
DA:1372,78
DA:1373,78
DA:1374,78
DA:1375,78
DA:1376,78
DA:1377,78
DA:1378,78
DA:1379,78
DA:1380,78
DA:1381,78
DA:1382,78
DA:1383,78
DA:1384,78
DA:1385,78
DA:1386,78
DA:1387,78
DA:1388,78
DA:1389,78
DA:1390,78
DA:1391,78
DA:1392,78
DA:1393,78
DA:1394,78
DA:1395,78
DA:1396,78
DA:1397,78
DA:1398,78
DA:1399,78
DA:1400,78
DA:1401,78
DA:1402,78
DA:1403,78
DA:1404,78
DA:1405,78
DA:1406,78
DA:1407,78
DA:1408,78
DA:1409,78
DA:1410,78
DA:1411,78
DA:1412,78
DA:1413,78
DA:1414,78
DA:1415,78
DA:1416,78
DA:1417,78
DA:1418,78
DA:1419,78
DA:1420,78
DA:1421,78
DA:1422,78
DA:1423,78
DA:1424,78
DA:1425,78
DA:1426,78
DA:1427,78
DA:1428,78
DA:1429,78
DA:1430,78
DA:1431,78
DA:1432,78
DA:1433,78
DA:1434,78
DA:1435,78
DA:1436,78
DA:1437,78
DA:1438,78
DA:1439,78
DA:1440,78
DA:1441,78
DA:1442,78
DA:1443,78
DA:1444,78
DA:1445,78
DA:1446,78
DA:1447,78
DA:1448,78
DA:1449,78
DA:1450,78
DA:1451,78
DA:1452,78
DA:1453,78
DA:1454,78
DA:1455,78
DA:1456,78
DA:1457,78
DA:1458,78
DA:1459,78
DA:1460,78
DA:1461,78
DA:1462,78
DA:1463,78
DA:1464,78
DA:1465,78
DA:1466,78
DA:1467,78
DA:1468,78
DA:1469,78
DA:1470,78
DA:1471,78
DA:1472,78
DA:1473,78
DA:1474,78
DA:1475,78
DA:1476,78
DA:1477,78
DA:1478,78
DA:1479,78
DA:1480,78
DA:1481,78
DA:1482,78
DA:1483,78
DA:1484,78
DA:1485,78
DA:1486,78
DA:1487,78
DA:1488,78
DA:1489,78
DA:1490,78
DA:1491,78
DA:1492,78
DA:1493,78
DA:1494,78
DA:1495,78
DA:1496,78
DA:1497,78
DA:1498,78
DA:1499,78
DA:1500,78
DA:1501,78
DA:1502,78
DA:1503,78
DA:1504,78
DA:1505,78
DA:1506,78
DA:1507,78
DA:1508,78
DA:1509,78
DA:1510,78
DA:1511,78
DA:1512,78
DA:1513,78
DA:1514,78
DA:1515,78
DA:1516,78
DA:1517,78
DA:1518,78
DA:1519,78
DA:1520,78
DA:1521,78
DA:1522,78
DA:1523,78
DA:1524,78
DA:1525,78
DA:1526,78
DA:1527,78
DA:1528,78
DA:1529,78
DA:1530,78
DA:1531,78
DA:1532,78
DA:1533,78
DA:1534,78
DA:1535,78
DA:1536,78
DA:1537,78
DA:1538,78
DA:1539,78
DA:1540,78
DA:1541,78
DA:1542,78
DA:1543,78
DA:1544,78
DA:1545,78
DA:1546,78
DA:1547,78
DA:1548,78
DA:1549,78
DA:1550,78
DA:1551,78
DA:1552,78
DA:1553,78
DA:1554,78
DA:1555,78
DA:1556,78
DA:1557,78
DA:1558,78
DA:1559,78
DA:1560,78
LH:1462
LF:1560
end_of_record
SF:src/modules/pipeline/soak.ts
FN:2,__name
FN:22,prng
FN:22,anonymous_2
FN:30,pickScenario
FN:30,anonymous_4
FN:33,scriptScenario
FN:34,anonymous_6
FN:67,percentile
FN:75,resetBreakers
FN:78,anonymous_9
FN:90,runRailSoak
FN:91,log
FN:96,anonymous_12
FN:125,anonymous_13
FN:145,anonymous_14
FN:153,anonymous_15
FN:160,anonymous_16
FN:163,anonymous_17
FN:168,anonymous_18
FN:168,anonymous_19
FN:179,anonymous_20
FN:180,anonymous_21
FN:189,anonymous_22
FN:194,anonymous_23
FN:195,anonymous_24
FN:204,anonymous_25
FN:240,anonymous_26
FN:242,anonymous_27
FN:246,anonymous_28
FN:288,anonymous_29
FN:290,anonymous_30
FN:297,anonymous_31
FN:297,anonymous_32
FN:298,anonymous_33
FN:302,anonymous_34
FN:314,anonymous_35
FN:319,anonymous_36
FN:326,anonymous_37
FN:351,anonymous_38
FN:351,anonymous_39
FN:356,anonymous_40
FN:356,anonymous_41
FN:361,anonymous_42
FN:365,anonymous_43
FN:380,anonymous_44
FN:391,anonymous_45
FN:393,anonymous_46
FNDA:69,__name
FNDA:1,prng
FNDA:60,anonymous_2
FNDA:134,pickScenario
FNDA:540,anonymous_4
FNDA:60,scriptScenario
FNDA:34,anonymous_6
FNDA:2,percentile
FNDA:1,resetBreakers
FNDA:2,anonymous_9
FNDA:8,runRailSoak
FNDA:0,log
FNDA:8,anonymous_12
FNDA:1,anonymous_13
FNDA:60,anonymous_14
FNDA:60,anonymous_15
FNDA:60,anonymous_16
FNDA:60,anonymous_17
FNDA:8,anonymous_18
FNDA:8,anonymous_19
FNDA:4,anonymous_20
FNDA:4,anonymous_21
FNDA:13,anonymous_22
FNDA:4,anonymous_23
FNDA:4,anonymous_24
FNDA:60,anonymous_25
FNDA:55,anonymous_26
FNDA:9,anonymous_27
FNDA:60,anonymous_28
FNDA:3600,anonymous_29
FNDA:60,anonymous_30
FNDA:3600,anonymous_31
FNDA:60,anonymous_32
FNDA:60,anonymous_33
FNDA:60,anonymous_34
FNDA:4680,anonymous_35
FNDA:78,anonymous_36
FNDA:300,anonymous_37
FNDA:60,anonymous_38
FNDA:1830,anonymous_39
FNDA:60,anonymous_40
FNDA:3600,anonymous_41
FNDA:60,anonymous_42
FNDA:60,anonymous_43
FNDA:256,anonymous_44
FNDA:60,anonymous_45
FNDA:18,anonymous_46
FNF:47
FNH:46
BRDA:1,0,0,1
BRDA:2,1,0,69
BRDA:22,2,0,1
BRDA:22,3,0,60
BRDA:30,4,0,60
BRDA:31,5,0,134
BRDA:32,6,0,60
BRDA:32,7,0,0
BRDA:30,8,0,540
BRDA:33,9,0,60
BRDA:35,10,0,38
BRDA:35,11,0,5
BRDA:38,12,0,2
BRDA:44,13,0,5
BRDA:47,14,0,1
BRDA:49,15,0,2
BRDA:54,16,0,0
BRDA:34,17,0,34
BRDA:67,18,0,2
BRDA:68,19,0,0
BRDA:73,20,0,0
BRDA:75,21,0,1
BRDA:78,22,0,1
BRDA:81,23,0,2
BRDA:90,24,0,1
BRDA:90,25,0,0
BRDA:197,26,0,0
BRDA:200,27,0,0
BRDA:394,28,0,8
BRDA:397,29,0,0
BRDA:96,30,0,8
BRDA:125,31,0,1
BRDA:145,32,0,60
BRDA:153,33,0,60
BRDA:160,34,0,60
BRDA:163,35,0,60
BRDA:168,36,0,8
BRDA:168,37,0,8
BRDA:177,38,0,0
BRDA:179,39,0,4
BRDA:180,40,0,4
BRDA:189,41,0,4
BRDA:189,42,0,13
BRDA:190,43,0,8
BRDA:193,44,0,4
BRDA:194,45,0,4
BRDA:195,46,0,4
BRDA:204,47,0,1
BRDA:248,48,0,60
BRDA:248,49,0,0
BRDA:251,50,0,55
BRDA:251,51,0,5
BRDA:252,52,0,0
BRDA:255,53,0,5
BRDA:256,54,0,0
BRDA:262,55,0,55
BRDA:262,56,0,0
BRDA:269,57,0,55
BRDA:270,58,0,0
BRDA:274,59,0,40
BRDA:274,60,0,15
BRDA:274,61,0,0
BRDA:277,62,0,0
BRDA:280,63,0,0
BRDA:283,64,0,5
BRDA:283,65,0,0
BRDA:292,66,0,0
BRDA:303,67,0,55
BRDA:304,68,0,0
BRDA:309,69,0,5
BRDA:309,70,0,0
BRDA:313,71,0,5
BRDA:321,72,0,0
BRDA:324,73,0,0
BRDA:328,74,0,5
BRDA:329,75,0,0
BRDA:331,76,0,55
BRDA:332,77,0,0
BRDA:336,78,0,0
BRDA:338,79,0,5
BRDA:338,80,0,55
BRDA:339,81,0,0
BRDA:345,82,0,0
BRDA:352,83,0,0
BRDA:358,84,0,0
BRDA:369,85,0,2
BRDA:369,86,0,1
BRDA:369,87,0,0
BRDA:373,88,0,0
BRDA:376,89,0,1
BRDA:376,90,0,0
BRDA:376,91,0,0
BRDA:388,92,0,0
BRDA:390,93,0,0
BRDA:240,94,0,55
BRDA:242,95,0,9
BRDA:246,96,0,60
BRDA:288,97,0,3600
BRDA:290,98,0,60
BRDA:290,99,0,5
BRDA:297,100,0,3600
BRDA:297,101,0,60
BRDA:298,102,0,60
BRDA:299,103,0,10
BRDA:302,104,0,60
BRDA:314,105,0,4680
BRDA:319,106,0,78
BRDA:319,107,0,55
BRDA:326,108,0,300
BRDA:351,109,0,60
BRDA:351,110,0,1830
BRDA:356,111,0,60
BRDA:356,112,0,3600
BRDA:361,113,0,60
BRDA:365,114,0,60
BRDA:380,115,0,256
BRDA:391,116,0,60
BRDA:393,117,0,18
BRF:118
BRH:82
DA:1,1
DA:2,1
DA:3,69
DA:4,69
DA:5,1
DA:6,1
DA:7,1
DA:8,1
DA:9,1
DA:10,1
DA:11,1
DA:12,1
DA:13,1
DA:14,1
DA:15,1
DA:16,1
DA:17,1
DA:18,1
DA:19,1
DA:20,1
DA:21,1
DA:22,1
DA:23,60
DA:24,60
DA:25,1
DA:26,1
DA:27,1
DA:28,1
DA:29,1
DA:30,1
DA:31,60
DA:32,1
DA:33,1
DA:34,60
DA:35,60
DA:36,5
DA:37,5
DA:38,60
DA:39,2
DA:40,2
DA:41,2
DA:42,2
DA:43,2
DA:44,60
DA:45,5
DA:46,5
DA:47,60
DA:48,1
DA:49,60
DA:50,2
DA:51,2
DA:52,2
DA:53,2
DA:54,60
DA:55,1
DA:56,1
DA:57,1
DA:58,1
DA:59,1
DA:60,1
DA:61,1
DA:62,1
DA:63,1
DA:64,1
DA:65,1
DA:66,1
DA:67,1
DA:68,2
DA:69,2
DA:70,2
DA:71,2
DA:72,2
DA:73,2
DA:74,1
DA:75,1
DA:76,1
DA:77,1
DA:78,1
DA:79,1
DA:80,1
DA:81,1
DA:82,2
DA:83,2
DA:84,2
DA:85,2
DA:86,2
DA:87,2
DA:88,2
DA:89,2
DA:90,1
DA:91,1
DA:92,1
DA:93,1
DA:94,1
DA:95,1
DA:96,1
DA:97,1
DA:98,1
DA:99,1
DA:100,1
DA:101,1
DA:102,1
DA:103,1
DA:104,1
DA:105,1
DA:106,1
DA:107,1
DA:108,1
DA:109,1
DA:110,1
DA:111,1
DA:112,1
DA:113,1
DA:114,1
DA:115,1
DA:116,1
DA:117,1
DA:118,1
DA:119,1
DA:120,1
DA:121,1
DA:122,1
DA:123,1
DA:124,1
DA:125,1
DA:126,1
DA:127,1
DA:128,1
DA:129,1
DA:130,1
DA:131,1
DA:132,1
DA:133,1
DA:134,1
DA:135,1
DA:136,1
DA:137,1
DA:138,1
DA:139,1
DA:140,1
DA:141,1
DA:142,1
DA:143,1
DA:144,1
DA:145,1
DA:146,60
DA:147,60
DA:148,60
DA:149,60
DA:150,60
DA:151,60
DA:152,1
DA:153,1
DA:154,60
DA:155,60
DA:156,60
DA:157,60
DA:158,60
DA:159,1
DA:160,1
DA:161,60
DA:162,1
DA:163,1
DA:164,60
DA:165,1
DA:166,1
DA:167,1
DA:168,8
DA:169,8
DA:170,8
DA:171,8
DA:172,8
DA:173,8
DA:174,8
DA:175,8
DA:176,8
DA:177,1
DA:178,1
DA:179,1
DA:180,4
DA:181,4
DA:182,4
DA:183,4
DA:184,4
DA:185,4
DA:186,4
DA:187,4
DA:188,1
DA:189,1
DA:190,13
DA:191,8
DA:192,8
DA:193,8
DA:194,4
DA:195,1
DA:196,1
DA:197,1
DA:198,1
DA:199,1
DA:200,1
DA:201,0
DA:202,1
DA:203,1
DA:204,1
DA:205,1
DA:206,1
DA:207,1
DA:208,1
DA:209,1
DA:210,1
DA:211,1
DA:212,1
DA:213,1
DA:214,1
DA:215,1
DA:216,1
DA:217,1
DA:218,1
DA:219,1
DA:220,1
DA:221,1
DA:222,1
DA:223,1
DA:224,1
DA:225,1
DA:226,1
DA:227,1
DA:228,1
DA:229,1
DA:230,1
DA:231,1
DA:232,1
DA:233,1
DA:234,1
DA:235,1
DA:236,1
DA:237,1
DA:238,1
DA:239,1
DA:240,1
DA:241,1
DA:242,1
DA:243,1
DA:244,1
DA:245,1
DA:246,1
DA:247,1
DA:248,1
DA:249,60
DA:250,60
DA:251,60
DA:252,5
DA:253,0
DA:254,0
DA:255,60
DA:256,60
DA:257,0
DA:258,0
DA:259,0
DA:260,0
DA:261,60
DA:262,60
DA:263,0
DA:264,0
DA:265,60
DA:266,60
DA:267,60
DA:268,60
DA:269,60
DA:270,55
DA:271,55
DA:272,55
DA:273,55
DA:274,55
DA:275,55
DA:276,55
DA:277,55
DA:278,0
DA:279,55
DA:280,55
DA:281,0
DA:282,0
DA:283,60
DA:284,0
DA:285,0
DA:286,0
DA:287,60
DA:288,60
DA:289,60
DA:290,60
DA:291,60
DA:292,60
DA:293,0
DA:294,0
DA:295,60
DA:296,60
DA:297,60
DA:298,60
DA:299,60
DA:300,10
DA:301,60
DA:302,60
DA:303,60
DA:304,60
DA:305,0
DA:306,0
DA:307,60
DA:308,60
DA:309,60
DA:310,0
DA:311,60
DA:312,60
DA:313,60
DA:314,60
DA:315,60
DA:316,60
DA:317,60
DA:318,60
DA:319,60
DA:320,60
DA:321,60
DA:322,0
DA:323,60
DA:324,0
DA:325,0
DA:326,60
DA:327,60
DA:328,60
DA:329,60
DA:330,0
DA:331,60
DA:332,60
DA:333,0
DA:334,0
DA:335,0
DA:336,60
DA:337,60
DA:338,60
DA:339,60
DA:340,0
DA:341,0
DA:342,0
DA:343,60
DA:344,60
DA:345,60
DA:346,60
DA:347,60
DA:348,1
DA:349,1
DA:350,1
DA:351,60
DA:352,1
DA:353,0
DA:354,1
DA:355,1
DA:356,60
DA:357,1
DA:358,1
DA:359,0
DA:360,0
DA:361,1
DA:362,60
DA:363,60
DA:364,1
DA:365,1
DA:366,1
DA:367,1
DA:368,1
DA:369,2
DA:370,2
DA:371,2
DA:372,2
DA:373,2
DA:374,0
DA:375,2
DA:376,2
DA:377,0
DA:378,0
DA:379,1
DA:380,1
DA:381,1
DA:382,1
DA:383,1
DA:384,1
DA:385,1
DA:386,1
DA:387,1
DA:388,1
DA:389,1
DA:390,1
DA:391,1
DA:392,1
DA:393,1
DA:394,1
DA:395,8
DA:396,8
DA:397,1
DA:398,1
DA:399,1
DA:400,1
DA:401,1
DA:402,1
DA:403,1
DA:404,1
DA:405,1
DA:406,1
DA:407,1
DA:408,1
DA:409,1
DA:410,1
DA:411,1
DA:412,1
DA:413,1
DA:414,1
DA:415,1
DA:416,1
DA:417,1
DA:418,1
DA:419,1
DA:420,1
DA:421,1
DA:422,1
DA:423,1
DA:424,1
DA:425,1
DA:426,1
DA:427,1
DA:428,1
DA:429,1
DA:430,1
DA:431,1
DA:432,1
DA:433,1
DA:434,1
DA:435,1
DA:436,1
DA:437,1
DA:438,1
DA:439,1
DA:440,1
DA:441,1
DA:442,1
DA:443,1
DA:444,1
DA:445,1
DA:446,1
DA:447,1
DA:448,1
DA:449,1
DA:450,1
DA:451,1
DA:452,1
DA:453,1
DA:454,1
DA:455,1
DA:456,1
DA:457,1
DA:458,1
DA:459,1
DA:460,1
DA:461,1
DA:462,1
DA:463,1
DA:464,1
DA:465,1
DA:466,1
DA:467,1
DA:468,1
DA:469,1
DA:470,1
DA:471,1
DA:472,1
DA:473,1
DA:474,1
DA:475,1
DA:476,1
DA:477,1
DA:478,1
DA:479,1
DA:480,1
DA:481,1
DA:482,1
DA:483,1
DA:484,1
DA:485,1
DA:486,1
DA:487,1
DA:488,1
DA:489,1
DA:490,1
DA:491,1
DA:492,1
DA:493,1
DA:494,1
DA:495,1
DA:496,1
DA:497,1
DA:498,1
DA:499,1
DA:500,1
DA:501,1
DA:502,1
DA:503,1
DA:504,1
DA:505,1
DA:506,1
DA:507,1
DA:508,1
DA:509,1
DA:510,1
DA:511,1
DA:512,1
DA:513,1
DA:514,1
DA:515,1
DA:516,1
DA:517,1
DA:518,1
DA:519,1
DA:520,1
DA:521,1
DA:522,1
DA:523,1
DA:524,1
DA:525,1
DA:526,1
DA:527,1
DA:528,1
DA:529,1
DA:530,1
DA:531,1
DA:532,1
DA:533,1
DA:534,1
DA:535,1
DA:536,1
DA:537,1
DA:538,1
DA:539,1
DA:540,1
DA:541,1
DA:542,1
DA:543,1
DA:544,1
DA:545,1
DA:546,1
DA:547,1
DA:548,1
DA:549,1
DA:550,1
DA:551,1
DA:552,1
DA:553,1
DA:554,1
DA:555,1
DA:556,1
DA:557,1
DA:558,1
LH:522
LF:558
end_of_record
SF:src/modules/pipeline/sweeps.ts
FN:1,__name
FN:15,defaultSweepTimeoutMs
FN:20,registerSweep
FN:22,anonymous_3
FN:23,run
FN:25,unregisterSweep
FN:29,listSweeps
FN:32,sweepSettleCeilingMs
FN:48,settleOwnedWork
FN:79,<static_initializer>
FN:79,<instance_members_initializer>
FN:83,withSweepTimeout
FN:99,stopSweeps
FN:106,resumeSweeps
FN:111,runSweepsOnce
FN:135,orderedSweeps
FN:138,runRegisteredSweeps
FN:26,anonymous_17
FN:29,anonymous_18
FN:52,anonymous_19
FN:53,anonymous_20
FN:54,anonymous_21
FN:60,anonymous_22
FN:60,anonymous_23
FN:69,anonymous_24
FN:87,anonymous_25
FN:91,anonymous_26
FN:93,anonymous_27
FN:112,anonymous_28
FN:118,anonymous_29
FN:120,anonymous_30
FN:121,anonymous_31
FN:135,anonymous_32
FN:136,anonymous_33
FN:79,SweepTimeoutError
FNDA:1658,__name
FNDA:929,defaultSweepTimeoutMs
FNDA:630,registerSweep
FNDA:4775,anonymous_3
FNDA:284,run
FNDA:13,unregisterSweep
FNDA:20,listSweeps
FNDA:14,sweepSettleCeilingMs
FNDA:14,settleOwnedWork
FNDA:126,<static_initializer>
FNDA:5,<instance_members_initializer>
FNDA:320,withSweepTimeout
FNDA:4,stopSweeps
FNDA:6,resumeSweeps
FNDA:322,runSweepsOnce
FNDA:16,orderedSweeps
FNDA:14,runRegisteredSweeps
FNDA:104,anonymous_17
FNDA:696,anonymous_18
FNDA:2,anonymous_19
FNDA:14,anonymous_20
FNDA:0,anonymous_21
FNDA:14,anonymous_22
FNDA:14,anonymous_23
FNDA:0,anonymous_24
FNDA:320,anonymous_25
FNDA:4,anonymous_26
FNDA:320,anonymous_27
FNDA:8,anonymous_28
FNDA:320,anonymous_29
FNDA:320,anonymous_30
FNDA:4,anonymous_31
FNDA:317,anonymous_32
FNDA:317,anonymous_33
FNDA:5,SweepTimeoutError
FNF:35
FNH:33
BRDA:1,0,0,126
BRDA:1,1,0,1658
BRDA:15,2,0,929
BRDA:17,3,0,0
BRDA:20,4,0,630
BRDA:24,5,0,203
BRDA:23,6,0,47
BRDA:23,7,0,284
BRDA:24,8,0,300
BRDA:23,9,0,12
BRDA:21,10,0,1
BRDA:22,11,0,4
BRDA:22,12,0,1
BRDA:23,13,0,3
BRDA:22,14,0,4775
BRDA:23,15,0,284
BRDA:25,16,0,13
BRDA:27,17,0,1
BRDA:29,18,0,20
BRDA:32,19,0,14
BRDA:37,20,0,0
BRDA:37,21,0,0
BRDA:48,22,0,14
BRDA:50,23,0,0
BRDA:62,24,0,0
BRDA:79,25,0,126
BRDA:79,26,0,5
BRDA:83,27,0,320
BRDA:99,28,0,4
BRDA:106,29,0,6
BRDA:111,30,0,20
BRDA:113,31,0,322
BRDA:116,32,0,283
BRDA:122,33,0,312
BRDA:124,34,0,6
BRDA:122,35,0,1
BRDA:128,36,0,1
BRDA:114,37,0,1
BRDA:114,38,0,8
BRDA:115,39,0,1
BRDA:116,40,0,7
BRDA:128,41,0,2
BRDA:128,42,0,1
BRDA:135,43,0,16
BRDA:138,44,0,14
BRDA:143,45,0,10
BRDA:26,46,0,104
BRDA:29,47,0,696
BRDA:31,48,0,624
BRDA:52,49,0,2
BRDA:53,50,0,14
BRDA:60,51,0,14
BRDA:60,52,0,14
BRDA:87,53,0,320
BRDA:91,54,0,4
BRDA:93,55,0,320
BRDA:112,56,0,8
BRDA:118,57,0,320
BRDA:120,58,0,320
BRDA:121,59,0,4
BRDA:135,60,0,317
BRDA:136,61,0,317
BRDA:79,62,0,5
BRF:63
BRH:58
DA:1,126
DA:2,126
DA:3,126
DA:4,126
DA:5,126
DA:6,126
DA:7,126
DA:8,126
DA:9,126
DA:10,126
DA:11,126
DA:12,126
DA:13,126
DA:14,126
DA:15,126
DA:16,929
DA:17,929
DA:18,0
DA:19,126
DA:20,126
DA:21,630
DA:22,630
DA:23,630
DA:24,630
DA:25,126
DA:26,13
DA:27,13
DA:28,126
DA:29,126
DA:30,696
DA:31,126
DA:32,126
DA:33,14
DA:34,14
DA:35,14
DA:36,14
DA:37,14
DA:38,14
DA:39,14
DA:40,14
DA:41,126
DA:42,126
DA:43,126
DA:44,126
DA:45,126
DA:46,126
DA:47,126
DA:48,126
DA:49,14
DA:50,14
DA:51,14
DA:52,14
DA:53,14
DA:54,14
DA:55,0
DA:56,0
DA:57,14
DA:58,14
DA:59,14
DA:60,14
DA:61,14
DA:62,14
DA:63,0
DA:64,0
DA:65,0
DA:66,0
DA:67,0
DA:68,0
DA:69,0
DA:70,0
DA:71,0
DA:72,0
DA:73,0
DA:74,0
DA:75,0
DA:76,0
DA:77,0
DA:78,126
DA:79,126
DA:80,5
DA:81,5
DA:82,5
DA:83,126
DA:84,320
DA:85,320
DA:86,320
DA:87,320
DA:88,320
DA:89,320
DA:90,320
DA:91,320
DA:92,320
DA:93,320
DA:94,126
DA:95,126
DA:96,126
DA:97,126
DA:98,126
DA:99,126
DA:100,4
DA:101,4
DA:102,4
DA:103,4
DA:104,4
DA:105,126
DA:106,126
DA:107,126
DA:108,126
DA:109,126
DA:110,126
DA:111,126
DA:112,20
DA:113,20
DA:114,322
DA:115,322
DA:116,322
DA:117,322
DA:118,322
DA:119,322
DA:120,322
DA:121,322
DA:122,322
DA:123,1
DA:124,1
DA:125,1
DA:126,1
DA:127,1
DA:128,1
DA:129,1
DA:130,1
DA:131,20
DA:132,126
DA:133,126
DA:134,126
DA:135,126
DA:136,16
DA:137,126
DA:138,126
DA:139,14
DA:140,14
DA:141,14
DA:142,14
DA:143,14
DA:144,126
DA:145,126
DA:146,126
DA:147,126
DA:148,126
DA:149,126
DA:150,126
DA:151,126
DA:152,126
DA:153,126
DA:154,126
DA:155,126
DA:156,126
DA:157,126
DA:158,126
DA:159,126
DA:160,126
DA:161,126
DA:162,126
DA:163,126
DA:164,126
DA:165,126
DA:166,126
DA:167,126
DA:168,126
DA:169,126
DA:170,126
DA:171,126
DA:172,126
DA:173,126
DA:174,126
DA:175,126
DA:176,126
DA:177,126
DA:178,126
DA:179,126
DA:180,126
DA:181,126
DA:182,126
DA:183,126
DA:184,126
DA:185,126
DA:186,126
DA:187,126
DA:188,126
DA:189,126
DA:190,126
DA:191,126
DA:192,126
DA:193,126
DA:194,126
DA:195,126
DA:196,126
DA:197,126
DA:198,126
DA:199,126
DA:200,126
DA:201,126
DA:202,126
DA:203,126
DA:204,126
DA:205,126
DA:206,126
DA:207,126
DA:208,126
DA:209,126
DA:210,126
DA:211,126
DA:212,126
DA:213,126
DA:214,126
DA:215,126
DA:216,126
DA:217,126
DA:218,126
DA:219,126
DA:220,126
DA:221,126
DA:222,126
DA:223,126
DA:224,126
DA:225,126
DA:226,126
DA:227,126
DA:228,126
DA:229,126
DA:230,126
DA:231,126
DA:232,126
DA:233,126
DA:234,126
DA:235,126
DA:236,126
DA:237,126
DA:238,126
DA:239,126
DA:240,126
DA:241,126
DA:242,126
DA:243,126
DA:244,126
DA:245,126
DA:246,126
DA:247,126
DA:248,126
DA:249,126
DA:250,126
DA:251,126
DA:252,126
DA:253,126
DA:254,126
DA:255,126
DA:256,126
DA:257,126
DA:258,126
DA:259,126
DA:260,126
DA:261,126
DA:262,126
DA:263,126
DA:264,126
DA:265,126
DA:266,126
DA:267,126
DA:268,126
DA:269,126
DA:270,126
DA:271,126
DA:272,126
DA:273,126
DA:274,126
DA:275,126
DA:276,126
DA:277,126
DA:278,126
DA:279,126
DA:280,126
DA:281,126
DA:282,126
DA:283,126
DA:284,126
DA:285,126
DA:286,126
DA:287,126
DA:288,126
DA:289,126
DA:290,126
DA:291,126
DA:292,126
DA:293,126
DA:294,126
DA:295,126
DA:296,126
DA:297,126
DA:298,126
DA:299,126
DA:300,126
DA:301,126
DA:302,126
DA:303,126
DA:304,126
DA:305,126
DA:306,126
DA:307,126
DA:308,126
DA:309,126
LH:291
LF:309
end_of_record
